11:59:46.363 debug: 2026/6/18 11:59:46
11:59:46.364 debug: Project: /Users/user/workspace/MoleStrike
11:59:46.364 debug: Targets: editor,preview
11:59:46.366 debug: Incremental file seems great.
11:59:46.366 debug: Engine path: /Applications/Cocos/Creator/3.8.8/CocosCreator.app/Contents/Resources/resources/3d/engine
11:59:46.373 debug: Initializing target [Editor]
11:59:46.374 debug: Loading cache
11:59:46.375 debug: Loading cache costs 0.9318750000002183ms.
11:59:46.375 debug: Engine features shipped in editor: base,gfx-webgl,gfx-webgl2,gfx-empty,gfx-webgpu,3d,animation,skeletal-animation,2d,rich-text,mask,graphics,ui-skew,ui,affine-transform,sorting-2d,particle,particle-2d,physics-framework,physics-cannon,physics-physx,physics-ammo,physics-builtin,physics-2d-framework,physics-2d-box2d-jsb,physics-2d-box2d,physics-2d-builtin,physics-2d-box2d-wasm,intersection-2d,primitive,profiler,occlusion-query,geometry-renderer,debug-renderer,audio,video,xr,light-probe,terrain,webview,tween,tiled-map,vendor-google,spine-3.8,spine-4.2,dragon-bones,marionette,procedural-animation,custom-pipeline,custom-pipeline-builtin-scripts,custom-pipeline-post-process,legacy-pipeline,websocket,websocket-server,meshopt
11:59:46.375 debug: Our import map(foo:/bar): {
  "imports": {
    "cc": "cce:/internal/x/cc"
  }
}
11:59:46.375 debug: Initializing target [Preview]
11:59:46.375 debug: Loading cache
11:59:46.376 debug: Loading cache costs 0.5912500000004002ms.
11:59:46.376 debug: Our import map(foo:/bar): {
  "imports": {
    "cc": "cce:/internal/x/cc"
  }
}
11:59:46.410 debug: Sync engine features: 2d,3d,affine-transform,animation,audio,base,custom-pipeline,dragon-bones,gfx-webgl,graphics,intersection-2d,light-probe,marionette,mask,particle,particle-2d,physics-2d-box2d,physics-ammo,primitive,profiler,rich-text,skeletal-animation,spine-3.8,terrain,tiled-map,tween,ui,ui-skew,video,websocket,webview
11:59:46.412 debug: Reset databases. Enumerated domains: [
  {
    "root": "db://internal/",
    "physical": "/Applications/Cocos/Creator/3.8.8/CocosCreator.app/Contents/Resources/resources/3d/engine/editor/assets"
  },
  {
    "root": "db://assets/",
    "physical": "/Users/user/workspace/MoleStrike/assets"
  }
]
11:59:46.412 debug: Our import map(foo:/bar): {
  "imports": {
    "cc": "cce:/internal/x/cc",
    "db://internal/": "file:///Applications/Cocos/Creator/3.8.8/CocosCreator.app/Contents/Resources/resources/3d/engine/editor/assets/",
    "db://assets/": "file:///Users/user/workspace/MoleStrike/assets/"
  }
}
11:59:46.412 debug: Our import map(foo:/bar): {
  "imports": {
    "cc": "cce:/internal/x/cc",
    "db://internal/": "file:///Applications/Cocos/Creator/3.8.8/CocosCreator.app/Contents/Resources/resources/3d/engine/editor/assets/",
    "db://assets/": "file:///Users/user/workspace/MoleStrike/assets/"
  }
}
11:59:46.412 debug: Pulling asset-db.
11:59:46.414 debug: Fetch asset-db cost: 2.298416999999972ms.
11:59:46.415 debug: Build iteration starts.
Number of accumulated asset changes: 22
Feature changed: false
11:59:46.416 debug: Target(editor) build started.
11:59:46.417 debug: Detected change: cce:/internal/x/cc. Last mtime: Thu Jan 01 1970 08:00:03 GMT+0800 (中国标准时间), Current mtime: Thu Jan 01 1970 08:00:05 GMT+0800 (中国标准时间)
11:59:46.418 debug: Inspect cce:/internal/x/cc
11:59:46.447 debug: transform url: 'cce:/internal/x/cc' costs: 29.50 ms
11:59:46.448 debug: Resolve cce:/internal/x/cc-fu/base from cce:/internal/x/cc as external dependency cce:/internal/x/cc-fu/base.
11:59:46.448 debug: Resolve cce:/internal/x/cc-fu/gfx-webgl from cce:/internal/x/cc as external dependency cce:/internal/x/cc-fu/gfx-webgl.
11:59:46.448 debug: Resolve cce:/internal/x/cc-fu/gfx-webgl2 from cce:/internal/x/cc as external dependency cce:/internal/x/cc-fu/gfx-webgl2.
11:59:46.448 debug: Resolve cce:/internal/x/cc-fu/gfx-empty from cce:/internal/x/cc as external dependency cce:/internal/x/cc-fu/gfx-empty.
11:59:46.448 debug: Resolve cce:/internal/x/cc-fu/gfx-webgpu from cce:/internal/x/cc as external dependency cce:/internal/x/cc-fu/gfx-webgpu.
11:59:46.448 debug: Resolve cce:/internal/x/cc-fu/3d from cce:/internal/x/cc as external dependency cce:/internal/x/cc-fu/3d.
11:59:46.448 debug: Resolve cce:/internal/x/cc-fu/animation from cce:/internal/x/cc as external dependency cce:/internal/x/cc-fu/animation.
11:59:46.448 debug: Resolve cce:/internal/x/cc-fu/skeletal-animation from cce:/internal/x/cc as external dependency cce:/internal/x/cc-fu/skeletal-animation.
11:59:46.448 debug: Resolve cce:/internal/x/cc-fu/2d from cce:/internal/x/cc as external dependency cce:/internal/x/cc-fu/2d.
11:59:46.448 debug: Resolve cce:/internal/x/cc-fu/sorting from cce:/internal/x/cc as external dependency cce:/internal/x/cc-fu/sorting.
11:59:46.448 debug: Resolve cce:/internal/x/cc-fu/rich-text from cce:/internal/x/cc as external dependency cce:/internal/x/cc-fu/rich-text.
11:59:46.448 debug: Resolve cce:/internal/x/cc-fu/mask from cce:/internal/x/cc as external dependency cce:/internal/x/cc-fu/mask.
11:59:46.448 debug: Resolve cce:/internal/x/cc-fu/graphics from cce:/internal/x/cc as external dependency cce:/internal/x/cc-fu/graphics.
11:59:46.448 debug: Resolve cce:/internal/x/cc-fu/ui-skew from cce:/internal/x/cc as external dependency cce:/internal/x/cc-fu/ui-skew.
11:59:46.448 debug: Resolve cce:/internal/x/cc-fu/ui from cce:/internal/x/cc as external dependency cce:/internal/x/cc-fu/ui.
11:59:46.448 debug: Resolve cce:/internal/x/cc-fu/affine-transform from cce:/internal/x/cc as external dependency cce:/internal/x/cc-fu/affine-transform.
11:59:46.448 debug: Resolve cce:/internal/x/cc-fu/sorting-2d from cce:/internal/x/cc as external dependency cce:/internal/x/cc-fu/sorting-2d.
11:59:46.448 debug: Resolve cce:/internal/x/cc-fu/particle from cce:/internal/x/cc as external dependency cce:/internal/x/cc-fu/particle.
11:59:46.448 debug: Resolve cce:/internal/x/cc-fu/particle-2d from cce:/internal/x/cc as external dependency cce:/internal/x/cc-fu/particle-2d.
11:59:46.449 debug: Resolve cce:/internal/x/cc-fu/physics-framework from cce:/internal/x/cc as external dependency cce:/internal/x/cc-fu/physics-framework.
11:59:46.449 debug: Resolve cce:/internal/x/cc-fu/physics-cannon from cce:/internal/x/cc as external dependency cce:/internal/x/cc-fu/physics-cannon.
11:59:46.449 debug: Resolve cce:/internal/x/cc-fu/physics-physx from cce:/internal/x/cc as external dependency cce:/internal/x/cc-fu/physics-physx.
11:59:46.449 debug: Resolve cce:/internal/x/cc-fu/physics-ammo from cce:/internal/x/cc as external dependency cce:/internal/x/cc-fu/physics-ammo.
11:59:46.449 debug: Resolve cce:/internal/x/cc-fu/physics-builtin from cce:/internal/x/cc as external dependency cce:/internal/x/cc-fu/physics-builtin.
11:59:46.449 debug: Resolve cce:/internal/x/cc-fu/physics-2d-framework from cce:/internal/x/cc as external dependency cce:/internal/x/cc-fu/physics-2d-framework.
11:59:46.449 debug: Resolve cce:/internal/x/cc-fu/physics-2d-box2d-jsb from cce:/internal/x/cc as external dependency cce:/internal/x/cc-fu/physics-2d-box2d-jsb.
11:59:46.449 debug: Resolve cce:/internal/x/cc-fu/physics-2d-box2d from cce:/internal/x/cc as external dependency cce:/internal/x/cc-fu/physics-2d-box2d.
11:59:46.449 debug: Resolve cce:/internal/x/cc-fu/physics-2d-builtin from cce:/internal/x/cc as external dependency cce:/internal/x/cc-fu/physics-2d-builtin.
11:59:46.449 debug: Resolve cce:/internal/x/cc-fu/physics-2d-box2d-wasm from cce:/internal/x/cc as external dependency cce:/internal/x/cc-fu/physics-2d-box2d-wasm.
11:59:46.449 debug: Resolve cce:/internal/x/cc-fu/intersection-2d from cce:/internal/x/cc as external dependency cce:/internal/x/cc-fu/intersection-2d.
11:59:46.449 debug: Resolve cce:/internal/x/cc-fu/primitive from cce:/internal/x/cc as external dependency cce:/internal/x/cc-fu/primitive.
11:59:46.449 debug: Resolve cce:/internal/x/cc-fu/profiler from cce:/internal/x/cc as external dependency cce:/internal/x/cc-fu/profiler.
11:59:46.449 debug: Resolve cce:/internal/x/cc-fu/geometry-renderer from cce:/internal/x/cc as external dependency cce:/internal/x/cc-fu/geometry-renderer.
11:59:46.449 debug: Resolve cce:/internal/x/cc-fu/audio from cce:/internal/x/cc as external dependency cce:/internal/x/cc-fu/audio.
11:59:46.449 debug: Resolve cce:/internal/x/cc-fu/video from cce:/internal/x/cc as external dependency cce:/internal/x/cc-fu/video.
11:59:46.449 debug: Resolve cce:/internal/x/cc-fu/xr from cce:/internal/x/cc as external dependency cce:/internal/x/cc-fu/xr.
11:59:46.449 debug: Resolve cce:/internal/x/cc-fu/light-probe from cce:/internal/x/cc as external dependency cce:/internal/x/cc-fu/light-probe.
11:59:46.449 debug: Resolve cce:/internal/x/cc-fu/terrain from cce:/internal/x/cc as external dependency cce:/internal/x/cc-fu/terrain.
11:59:46.449 debug: Resolve cce:/internal/x/cc-fu/webview from cce:/internal/x/cc as external dependency cce:/internal/x/cc-fu/webview.
11:59:46.449 debug: Resolve cce:/internal/x/cc-fu/tween from cce:/internal/x/cc as external dependency cce:/internal/x/cc-fu/tween.
11:59:46.449 debug: Resolve cce:/internal/x/cc-fu/tiled-map from cce:/internal/x/cc as external dependency cce:/internal/x/cc-fu/tiled-map.
11:59:46.449 debug: Resolve cce:/internal/x/cc-fu/vendor-google from cce:/internal/x/cc as external dependency cce:/internal/x/cc-fu/vendor-google.
11:59:46.449 debug: Resolve cce:/internal/x/cc-fu/spine from cce:/internal/x/cc as external dependency cce:/internal/x/cc-fu/spine.
11:59:46.449 debug: Resolve cce:/internal/x/cc-fu/dragon-bones from cce:/internal/x/cc as external dependency cce:/internal/x/cc-fu/dragon-bones.
11:59:46.449 debug: Resolve cce:/internal/x/cc-fu/custom-pipeline from cce:/internal/x/cc as external dependency cce:/internal/x/cc-fu/custom-pipeline.
11:59:46.449 debug: Resolve cce:/internal/x/cc-fu/custom-pipeline-post-process from cce:/internal/x/cc as external dependency cce:/internal/x/cc-fu/custom-pipeline-post-process.
11:59:46.449 debug: Resolve cce:/internal/x/cc-fu/legacy-pipeline from cce:/internal/x/cc as external dependency cce:/internal/x/cc-fu/legacy-pipeline.
11:59:46.450 debug: Detected change: cce:/internal/x/prerequisite-imports. Last mtime: Thu Jan 01 1970 08:00:04 GMT+0800 (中国标准时间), Current mtime: Thu Jan 01 1970 08:00:05 GMT+0800 (中国标准时间)
11:59:46.450 debug: Inspect cce:/internal/x/prerequisite-imports
11:59:46.457 debug: transform url: 'cce:/internal/x/prerequisite-imports' costs: 7.40 ms
11:59:46.458 debug: Resolve file:///Applications/Cocos/Creator/3.8.8/CocosCreator.app/Contents/Resources/resources/3d/engine/editor/assets/default_renderpipeline/builtin-dof-pass.ts from cce:/internal/x/prerequisite-imports as file:///Applications/Cocos/Creator/3.8.8/CocosCreator.app/Contents/Resources/resources/3d/engine/editor/assets/default_renderpipeline/builtin-dof-pass.ts.
11:59:46.458 debug: Resolve file:///Applications/Cocos/Creator/3.8.8/CocosCreator.app/Contents/Resources/resources/3d/engine/editor/assets/default_renderpipeline/builtin-pipeline-pass.ts from cce:/internal/x/prerequisite-imports as file:///Applications/Cocos/Creator/3.8.8/CocosCreator.app/Contents/Resources/resources/3d/engine/editor/assets/default_renderpipeline/builtin-pipeline-pass.ts.
11:59:46.458 debug: Resolve file:///Applications/Cocos/Creator/3.8.8/CocosCreator.app/Contents/Resources/resources/3d/engine/editor/assets/default_renderpipeline/builtin-pipeline-settings.ts from cce:/internal/x/prerequisite-imports as file:///Applications/Cocos/Creator/3.8.8/CocosCreator.app/Contents/Resources/resources/3d/engine/editor/assets/default_renderpipeline/builtin-pipeline-settings.ts.
11:59:46.458 debug: Resolve file:///Applications/Cocos/Creator/3.8.8/CocosCreator.app/Contents/Resources/resources/3d/engine/editor/assets/default_renderpipeline/builtin-pipeline-types.ts from cce:/internal/x/prerequisite-imports as file:///Applications/Cocos/Creator/3.8.8/CocosCreator.app/Contents/Resources/resources/3d/engine/editor/assets/default_renderpipeline/builtin-pipeline-types.ts.
11:59:46.458 debug: Resolve file:///Applications/Cocos/Creator/3.8.8/CocosCreator.app/Contents/Resources/resources/3d/engine/editor/assets/default_renderpipeline/builtin-pipeline.ts from cce:/internal/x/prerequisite-imports as file:///Applications/Cocos/Creator/3.8.8/CocosCreator.app/Contents/Resources/resources/3d/engine/editor/assets/default_renderpipeline/builtin-pipeline.ts.
11:59:46.458 debug: Resolve file:///Applications/Cocos/Creator/3.8.8/CocosCreator.app/Contents/Resources/resources/3d/engine/editor/assets/tools/debug-view-runtime-control.ts from cce:/internal/x/prerequisite-imports as file:///Applications/Cocos/Creator/3.8.8/CocosCreator.app/Contents/Resources/resources/3d/engine/editor/assets/tools/debug-view-runtime-control.ts.
11:59:46.458 debug: Resolve file:///Users/user/workspace/MoleStrike/assets/scripts/core/ArtResourceManager.ts from cce:/internal/x/prerequisite-imports as file:///Users/user/workspace/MoleStrike/assets/scripts/core/ArtResourceManager.ts.
11:59:46.458 debug: Resolve file:///Users/user/workspace/MoleStrike/assets/scripts/core/AudioManager.ts from cce:/internal/x/prerequisite-imports as file:///Users/user/workspace/MoleStrike/assets/scripts/core/AudioManager.ts.
11:59:46.458 debug: Resolve file:///Users/user/workspace/MoleStrike/assets/scripts/core/GameTypes.ts from cce:/internal/x/prerequisite-imports as file:///Users/user/workspace/MoleStrike/assets/scripts/core/GameTypes.ts.
11:59:46.458 debug: Resolve file:///Users/user/workspace/MoleStrike/assets/scripts/core/StorageManager.ts from cce:/internal/x/prerequisite-imports as file:///Users/user/workspace/MoleStrike/assets/scripts/core/StorageManager.ts.
11:59:46.459 debug: Resolve file:///Users/user/workspace/MoleStrike/assets/scripts/game/AutoGameBootstrap.ts from cce:/internal/x/prerequisite-imports as file:///Users/user/workspace/MoleStrike/assets/scripts/game/AutoGameBootstrap.ts.
11:59:46.459 debug: Resolve file:///Users/user/workspace/MoleStrike/assets/scripts/game/ComboManager.ts from cce:/internal/x/prerequisite-imports as file:///Users/user/workspace/MoleStrike/assets/scripts/game/ComboManager.ts.
11:59:46.459 debug: Resolve file:///Users/user/workspace/MoleStrike/assets/scripts/game/DailyChallengeManager.ts from cce:/internal/x/prerequisite-imports as file:///Users/user/workspace/MoleStrike/assets/scripts/game/DailyChallengeManager.ts.
11:59:46.459 debug: Resolve file:///Users/user/workspace/MoleStrike/assets/scripts/game/GameManager.ts from cce:/internal/x/prerequisite-imports as file:///Users/user/workspace/MoleStrike/assets/scripts/game/GameManager.ts.
11:59:46.459 debug: Resolve file:///Users/user/workspace/MoleStrike/assets/scripts/game/Mole.ts from cce:/internal/x/prerequisite-imports as file:///Users/user/workspace/MoleStrike/assets/scripts/game/Mole.ts.
11:59:46.459 debug: Resolve file:///Users/user/workspace/MoleStrike/assets/scripts/game/MoleManager.ts from cce:/internal/x/prerequisite-imports as file:///Users/user/workspace/MoleStrike/assets/scripts/game/MoleManager.ts.
11:59:46.459 debug: Resolve file:///Users/user/workspace/MoleStrike/assets/scripts/game/ScoreManager.ts from cce:/internal/x/prerequisite-imports as file:///Users/user/workspace/MoleStrike/assets/scripts/game/ScoreManager.ts.
11:59:46.459 debug: Resolve file:///Users/user/workspace/MoleStrike/assets/scripts/game/TimerManager.ts from cce:/internal/x/prerequisite-imports as file:///Users/user/workspace/MoleStrike/assets/scripts/game/TimerManager.ts.
11:59:46.459 debug: Resolve file:///Users/user/workspace/MoleStrike/assets/scripts/platform/PlatformAdapter.ts from cce:/internal/x/prerequisite-imports as file:///Users/user/workspace/MoleStrike/assets/scripts/platform/PlatformAdapter.ts.
11:59:46.459 debug: Resolve file:///Users/user/workspace/MoleStrike/assets/scripts/ui/SafeAreaLayout.ts from cce:/internal/x/prerequisite-imports as file:///Users/user/workspace/MoleStrike/assets/scripts/ui/SafeAreaLayout.ts.
11:59:46.459 debug: Resolve file:///Users/user/workspace/MoleStrike/assets/scripts/ui/TutorialManager.ts from cce:/internal/x/prerequisite-imports as file:///Users/user/workspace/MoleStrike/assets/scripts/ui/TutorialManager.ts.
11:59:46.459 debug: Resolve file:///Users/user/workspace/MoleStrike/assets/scripts/ui/UIManager.ts from cce:/internal/x/prerequisite-imports as file:///Users/user/workspace/MoleStrike/assets/scripts/ui/UIManager.ts.
11:59:46.459 debug: Resolve cce:/internal/code-quality/cr.mjs from file:///Applications/Cocos/Creator/3.8.8/CocosCreator.app/Contents/Resources/resources/3d/engine/editor/assets/default_renderpipeline/builtin-dof-pass.ts as cce:/internal/code-quality/cr.mjs.
11:59:46.459 debug: Detected change: cce:/internal/code-quality/cr.mjs. Last mtime: Thu Jun 18 2026 11:59:33 GMT+0800 (中国标准时间), Current mtime: Thu Jun 18 2026 11:59:41 GMT+0800 (中国标准时间)
11:59:46.459 debug: Inspect cce:/internal/code-quality/cr.mjs
11:59:46.465 debug: transform url: 'cce:/internal/code-quality/cr.mjs' costs: 6.20 ms
11:59:46.466 debug: Resolve cc from file:///Applications/Cocos/Creator/3.8.8/CocosCreator.app/Contents/Resources/resources/3d/engine/editor/assets/default_renderpipeline/builtin-dof-pass.ts as cce:/internal/x/cc.
11:59:46.466 debug: Resolve cc from file:///Applications/Cocos/Creator/3.8.8/CocosCreator.app/Contents/Resources/resources/3d/engine/editor/assets/default_renderpipeline/builtin-dof-pass.ts as cce:/internal/x/cc.
11:59:46.466 debug: Resolve cc from file:///Applications/Cocos/Creator/3.8.8/CocosCreator.app/Contents/Resources/resources/3d/engine/editor/assets/default_renderpipeline/builtin-dof-pass.ts as cce:/internal/x/cc.
11:59:46.466 debug: Resolve cc/env from file:///Applications/Cocos/Creator/3.8.8/CocosCreator.app/Contents/Resources/resources/3d/engine/editor/assets/default_renderpipeline/builtin-dof-pass.ts as external dependency cc/env.
11:59:46.466 debug: Resolve ./builtin-pipeline-settings from file:///Applications/Cocos/Creator/3.8.8/CocosCreator.app/Contents/Resources/resources/3d/engine/editor/assets/default_renderpipeline/builtin-dof-pass.ts as file:///Applications/Cocos/Creator/3.8.8/CocosCreator.app/Contents/Resources/resources/3d/engine/editor/assets/default_renderpipeline/builtin-pipeline-settings.ts.
11:59:46.466 debug: Resolve ./builtin-pipeline-pass from file:///Applications/Cocos/Creator/3.8.8/CocosCreator.app/Contents/Resources/resources/3d/engine/editor/assets/default_renderpipeline/builtin-dof-pass.ts as file:///Applications/Cocos/Creator/3.8.8/CocosCreator.app/Contents/Resources/resources/3d/engine/editor/assets/default_renderpipeline/builtin-pipeline-pass.ts.
11:59:46.466 debug: Resolve ./builtin-pipeline from file:///Applications/Cocos/Creator/3.8.8/CocosCreator.app/Contents/Resources/resources/3d/engine/editor/assets/default_renderpipeline/builtin-dof-pass.ts as file:///Applications/Cocos/Creator/3.8.8/CocosCreator.app/Contents/Resources/resources/3d/engine/editor/assets/default_renderpipeline/builtin-pipeline.ts.
11:59:46.466 debug: Resolve cce:/internal/code-quality/cr.mjs from file:///Applications/Cocos/Creator/3.8.8/CocosCreator.app/Contents/Resources/resources/3d/engine/editor/assets/default_renderpipeline/builtin-pipeline-settings.ts as cce:/internal/code-quality/cr.mjs.
11:59:46.466 debug: Resolve cc from file:///Applications/Cocos/Creator/3.8.8/CocosCreator.app/Contents/Resources/resources/3d/engine/editor/assets/default_renderpipeline/builtin-pipeline-settings.ts as cce:/internal/x/cc.
11:59:46.466 debug: Resolve cc from file:///Applications/Cocos/Creator/3.8.8/CocosCreator.app/Contents/Resources/resources/3d/engine/editor/assets/default_renderpipeline/builtin-pipeline-settings.ts as cce:/internal/x/cc.
11:59:46.466 debug: Resolve cc from file:///Applications/Cocos/Creator/3.8.8/CocosCreator.app/Contents/Resources/resources/3d/engine/editor/assets/default_renderpipeline/builtin-pipeline-settings.ts as cce:/internal/x/cc.
11:59:46.466 debug: Resolve cc/env from file:///Applications/Cocos/Creator/3.8.8/CocosCreator.app/Contents/Resources/resources/3d/engine/editor/assets/default_renderpipeline/builtin-pipeline-settings.ts as external dependency cc/env.
11:59:46.466 debug: Resolve ./builtin-pipeline-types from file:///Applications/Cocos/Creator/3.8.8/CocosCreator.app/Contents/Resources/resources/3d/engine/editor/assets/default_renderpipeline/builtin-pipeline-settings.ts as file:///Applications/Cocos/Creator/3.8.8/CocosCreator.app/Contents/Resources/resources/3d/engine/editor/assets/default_renderpipeline/builtin-pipeline-types.ts.
11:59:46.466 debug: Resolve cc from file:///Applications/Cocos/Creator/3.8.8/CocosCreator.app/Contents/Resources/resources/3d/engine/editor/assets/default_renderpipeline/builtin-pipeline-types.ts as cce:/internal/x/cc.
11:59:46.466 debug: Resolve cc from file:///Applications/Cocos/Creator/3.8.8/CocosCreator.app/Contents/Resources/resources/3d/engine/editor/assets/default_renderpipeline/builtin-pipeline-types.ts as cce:/internal/x/cc.
11:59:46.466 debug: Resolve cc from file:///Applications/Cocos/Creator/3.8.8/CocosCreator.app/Contents/Resources/resources/3d/engine/editor/assets/default_renderpipeline/builtin-pipeline-types.ts as cce:/internal/x/cc.
11:59:46.466 debug: Resolve cce:/internal/code-quality/cr.mjs from file:///Applications/Cocos/Creator/3.8.8/CocosCreator.app/Contents/Resources/resources/3d/engine/editor/assets/default_renderpipeline/builtin-pipeline-pass.ts as cce:/internal/code-quality/cr.mjs.
11:59:46.466 debug: Resolve cc from file:///Applications/Cocos/Creator/3.8.8/CocosCreator.app/Contents/Resources/resources/3d/engine/editor/assets/default_renderpipeline/builtin-pipeline-pass.ts as cce:/internal/x/cc.
11:59:46.466 debug: Resolve cc from file:///Applications/Cocos/Creator/3.8.8/CocosCreator.app/Contents/Resources/resources/3d/engine/editor/assets/default_renderpipeline/builtin-pipeline-pass.ts as cce:/internal/x/cc.
11:59:46.466 debug: Resolve cc from file:///Applications/Cocos/Creator/3.8.8/CocosCreator.app/Contents/Resources/resources/3d/engine/editor/assets/default_renderpipeline/builtin-pipeline-pass.ts as cce:/internal/x/cc.
11:59:46.466 debug: Resolve ./builtin-pipeline-settings from file:///Applications/Cocos/Creator/3.8.8/CocosCreator.app/Contents/Resources/resources/3d/engine/editor/assets/default_renderpipeline/builtin-pipeline-pass.ts as file:///Applications/Cocos/Creator/3.8.8/CocosCreator.app/Contents/Resources/resources/3d/engine/editor/assets/default_renderpipeline/builtin-pipeline-settings.ts.
11:59:46.466 debug: Resolve cc/env from file:///Applications/Cocos/Creator/3.8.8/CocosCreator.app/Contents/Resources/resources/3d/engine/editor/assets/default_renderpipeline/builtin-pipeline-pass.ts as external dependency cc/env.
11:59:46.466 debug: Resolve cce:/internal/code-quality/cr.mjs from file:///Applications/Cocos/Creator/3.8.8/CocosCreator.app/Contents/Resources/resources/3d/engine/editor/assets/default_renderpipeline/builtin-pipeline.ts as cce:/internal/code-quality/cr.mjs.
11:59:46.466 debug: Resolve cc from file:///Applications/Cocos/Creator/3.8.8/CocosCreator.app/Contents/Resources/resources/3d/engine/editor/assets/default_renderpipeline/builtin-pipeline.ts as cce:/internal/x/cc.
11:59:46.466 debug: Resolve cc from file:///Applications/Cocos/Creator/3.8.8/CocosCreator.app/Contents/Resources/resources/3d/engine/editor/assets/default_renderpipeline/builtin-pipeline.ts as cce:/internal/x/cc.
11:59:46.466 debug: Resolve cc from file:///Applications/Cocos/Creator/3.8.8/CocosCreator.app/Contents/Resources/resources/3d/engine/editor/assets/default_renderpipeline/builtin-pipeline.ts as cce:/internal/x/cc.
11:59:46.466 debug: Resolve cc/env from file:///Applications/Cocos/Creator/3.8.8/CocosCreator.app/Contents/Resources/resources/3d/engine/editor/assets/default_renderpipeline/builtin-pipeline.ts as external dependency cc/env.
11:59:46.466 debug: Resolve ./builtin-pipeline-types from file:///Applications/Cocos/Creator/3.8.8/CocosCreator.app/Contents/Resources/resources/3d/engine/editor/assets/default_renderpipeline/builtin-pipeline.ts as file:///Applications/Cocos/Creator/3.8.8/CocosCreator.app/Contents/Resources/resources/3d/engine/editor/assets/default_renderpipeline/builtin-pipeline-types.ts.
11:59:46.466 debug: Resolve cc from file:///Applications/Cocos/Creator/3.8.8/CocosCreator.app/Contents/Resources/resources/3d/engine/editor/assets/tools/debug-view-runtime-control.ts as cce:/internal/x/cc.
11:59:46.466 debug: Resolve cc from file:///Applications/Cocos/Creator/3.8.8/CocosCreator.app/Contents/Resources/resources/3d/engine/editor/assets/tools/debug-view-runtime-control.ts as cce:/internal/x/cc.
11:59:46.466 debug: Resolve cc from file:///Applications/Cocos/Creator/3.8.8/CocosCreator.app/Contents/Resources/resources/3d/engine/editor/assets/tools/debug-view-runtime-control.ts as cce:/internal/x/cc.
11:59:46.466 debug: Resolve cc from file:///Users/user/workspace/MoleStrike/assets/scripts/core/ArtResourceManager.ts as cce:/internal/x/cc.
11:59:46.466 debug: Resolve cc from file:///Users/user/workspace/MoleStrike/assets/scripts/core/ArtResourceManager.ts as cce:/internal/x/cc.
11:59:46.466 debug: Resolve cc from file:///Users/user/workspace/MoleStrike/assets/scripts/core/ArtResourceManager.ts as cce:/internal/x/cc.
11:59:46.466 debug: Resolve cce:/internal/code-quality/cr.mjs from file:///Users/user/workspace/MoleStrike/assets/scripts/core/AudioManager.ts as cce:/internal/code-quality/cr.mjs.
11:59:46.466 debug: Resolve cc from file:///Users/user/workspace/MoleStrike/assets/scripts/core/AudioManager.ts as cce:/internal/x/cc.
11:59:46.466 debug: Resolve cc from file:///Users/user/workspace/MoleStrike/assets/scripts/core/AudioManager.ts as cce:/internal/x/cc.
11:59:46.466 debug: Resolve cc from file:///Users/user/workspace/MoleStrike/assets/scripts/core/AudioManager.ts as cce:/internal/x/cc.
11:59:46.466 debug: Resolve ./StorageManager from file:///Users/user/workspace/MoleStrike/assets/scripts/core/AudioManager.ts as file:///Users/user/workspace/MoleStrike/assets/scripts/core/StorageManager.ts.
11:59:46.467 debug: Resolve cce:/internal/code-quality/cr.mjs from file:///Users/user/workspace/MoleStrike/assets/scripts/core/StorageManager.ts as cce:/internal/code-quality/cr.mjs.
11:59:46.467 debug: Resolve cc from file:///Users/user/workspace/MoleStrike/assets/scripts/core/StorageManager.ts as cce:/internal/x/cc.
11:59:46.467 debug: Resolve cc from file:///Users/user/workspace/MoleStrike/assets/scripts/core/StorageManager.ts as cce:/internal/x/cc.
11:59:46.467 debug: Resolve cc from file:///Users/user/workspace/MoleStrike/assets/scripts/core/StorageManager.ts as cce:/internal/x/cc.
11:59:46.467 debug: Resolve cc from file:///Users/user/workspace/MoleStrike/assets/scripts/core/GameTypes.ts as cce:/internal/x/cc.
11:59:46.467 debug: Resolve cce:/internal/code-quality/cr.mjs from file:///Users/user/workspace/MoleStrike/assets/scripts/game/AutoGameBootstrap.ts as cce:/internal/code-quality/cr.mjs.
11:59:46.467 debug: Resolve cc from file:///Users/user/workspace/MoleStrike/assets/scripts/game/AutoGameBootstrap.ts as cce:/internal/x/cc.
11:59:46.467 debug: Resolve cc from file:///Users/user/workspace/MoleStrike/assets/scripts/game/AutoGameBootstrap.ts as cce:/internal/x/cc.
11:59:46.467 debug: Resolve cc from file:///Users/user/workspace/MoleStrike/assets/scripts/game/AutoGameBootstrap.ts as cce:/internal/x/cc.
11:59:46.467 debug: Resolve ../core/AudioManager from file:///Users/user/workspace/MoleStrike/assets/scripts/game/AutoGameBootstrap.ts as file:///Users/user/workspace/MoleStrike/assets/scripts/core/AudioManager.ts.
11:59:46.467 debug: Resolve ../core/ArtResourceManager from file:///Users/user/workspace/MoleStrike/assets/scripts/game/AutoGameBootstrap.ts as file:///Users/user/workspace/MoleStrike/assets/scripts/core/ArtResourceManager.ts.
11:59:46.467 debug: Resolve ./GameManager from file:///Users/user/workspace/MoleStrike/assets/scripts/game/AutoGameBootstrap.ts as file:///Users/user/workspace/MoleStrike/assets/scripts/game/GameManager.ts.
11:59:46.467 debug: Resolve ./MoleManager from file:///Users/user/workspace/MoleStrike/assets/scripts/game/AutoGameBootstrap.ts as file:///Users/user/workspace/MoleStrike/assets/scripts/game/MoleManager.ts.
11:59:46.467 debug: Resolve ./ScoreManager from file:///Users/user/workspace/MoleStrike/assets/scripts/game/AutoGameBootstrap.ts as file:///Users/user/workspace/MoleStrike/assets/scripts/game/ScoreManager.ts.
11:59:46.467 debug: Resolve ./TimerManager from file:///Users/user/workspace/MoleStrike/assets/scripts/game/AutoGameBootstrap.ts as file:///Users/user/workspace/MoleStrike/assets/scripts/game/TimerManager.ts.
11:59:46.467 debug: Resolve ../ui/UIManager from file:///Users/user/workspace/MoleStrike/assets/scripts/game/AutoGameBootstrap.ts as file:///Users/user/workspace/MoleStrike/assets/scripts/ui/UIManager.ts.
11:59:46.467 debug: Resolve ./ComboManager from file:///Users/user/workspace/MoleStrike/assets/scripts/game/AutoGameBootstrap.ts as file:///Users/user/workspace/MoleStrike/assets/scripts/game/ComboManager.ts.
11:59:46.467 debug: Resolve ../platform/PlatformAdapter from file:///Users/user/workspace/MoleStrike/assets/scripts/game/AutoGameBootstrap.ts as file:///Users/user/workspace/MoleStrike/assets/scripts/platform/PlatformAdapter.ts.
11:59:46.467 debug: Resolve ../ui/TutorialManager from file:///Users/user/workspace/MoleStrike/assets/scripts/game/AutoGameBootstrap.ts as file:///Users/user/workspace/MoleStrike/assets/scripts/ui/TutorialManager.ts.
11:59:46.467 debug: Resolve ../ui/SafeAreaLayout from file:///Users/user/workspace/MoleStrike/assets/scripts/game/AutoGameBootstrap.ts as file:///Users/user/workspace/MoleStrike/assets/scripts/ui/SafeAreaLayout.ts.
11:59:46.467 debug: Resolve cce:/internal/code-quality/cr.mjs from file:///Users/user/workspace/MoleStrike/assets/scripts/game/GameManager.ts as cce:/internal/code-quality/cr.mjs.
11:59:46.467 debug: Resolve cc from file:///Users/user/workspace/MoleStrike/assets/scripts/game/GameManager.ts as cce:/internal/x/cc.
11:59:46.467 debug: Resolve cc from file:///Users/user/workspace/MoleStrike/assets/scripts/game/GameManager.ts as cce:/internal/x/cc.
11:59:46.467 debug: Resolve cc from file:///Users/user/workspace/MoleStrike/assets/scripts/game/GameManager.ts as cce:/internal/x/cc.
11:59:46.467 debug: Resolve ../core/AudioManager from file:///Users/user/workspace/MoleStrike/assets/scripts/game/GameManager.ts as file:///Users/user/workspace/MoleStrike/assets/scripts/core/AudioManager.ts.
11:59:46.467 debug: Resolve ../core/GameTypes from file:///Users/user/workspace/MoleStrike/assets/scripts/game/GameManager.ts as file:///Users/user/workspace/MoleStrike/assets/scripts/core/GameTypes.ts.
11:59:46.467 debug: Resolve ../core/StorageManager from file:///Users/user/workspace/MoleStrike/assets/scripts/game/GameManager.ts as file:///Users/user/workspace/MoleStrike/assets/scripts/core/StorageManager.ts.
11:59:46.467 debug: Resolve ../platform/PlatformAdapter from file:///Users/user/workspace/MoleStrike/assets/scripts/game/GameManager.ts as file:///Users/user/workspace/MoleStrike/assets/scripts/platform/PlatformAdapter.ts.
11:59:46.467 debug: Resolve ../ui/UIManager from file:///Users/user/workspace/MoleStrike/assets/scripts/game/GameManager.ts as file:///Users/user/workspace/MoleStrike/assets/scripts/ui/UIManager.ts.
11:59:46.467 debug: Resolve ../ui/TutorialManager from file:///Users/user/workspace/MoleStrike/assets/scripts/game/GameManager.ts as file:///Users/user/workspace/MoleStrike/assets/scripts/ui/TutorialManager.ts.
11:59:46.467 debug: Resolve ./ComboManager from file:///Users/user/workspace/MoleStrike/assets/scripts/game/GameManager.ts as file:///Users/user/workspace/MoleStrike/assets/scripts/game/ComboManager.ts.
11:59:46.467 debug: Resolve ./DailyChallengeManager from file:///Users/user/workspace/MoleStrike/assets/scripts/game/GameManager.ts as file:///Users/user/workspace/MoleStrike/assets/scripts/game/DailyChallengeManager.ts.
11:59:46.467 debug: Resolve ./MoleManager from file:///Users/user/workspace/MoleStrike/assets/scripts/game/GameManager.ts as file:///Users/user/workspace/MoleStrike/assets/scripts/game/MoleManager.ts.
11:59:46.467 debug: Resolve ./ScoreManager from file:///Users/user/workspace/MoleStrike/assets/scripts/game/GameManager.ts as file:///Users/user/workspace/MoleStrike/assets/scripts/game/ScoreManager.ts.
11:59:46.467 debug: Resolve ./TimerManager from file:///Users/user/workspace/MoleStrike/assets/scripts/game/GameManager.ts as file:///Users/user/workspace/MoleStrike/assets/scripts/game/TimerManager.ts.
11:59:46.467 debug: Resolve cc from file:///Users/user/workspace/MoleStrike/assets/scripts/platform/PlatformAdapter.ts as cce:/internal/x/cc.
11:59:46.468 debug: Resolve cc from file:///Users/user/workspace/MoleStrike/assets/scripts/platform/PlatformAdapter.ts as cce:/internal/x/cc.
11:59:46.468 debug: Resolve cc from file:///Users/user/workspace/MoleStrike/assets/scripts/platform/PlatformAdapter.ts as cce:/internal/x/cc.
11:59:46.468 debug: Resolve cce:/internal/code-quality/cr.mjs from file:///Users/user/workspace/MoleStrike/assets/scripts/ui/UIManager.ts as cce:/internal/code-quality/cr.mjs.
11:59:46.468 debug: Resolve cc from file:///Users/user/workspace/MoleStrike/assets/scripts/ui/UIManager.ts as cce:/internal/x/cc.
11:59:46.468 debug: Resolve cc from file:///Users/user/workspace/MoleStrike/assets/scripts/ui/UIManager.ts as cce:/internal/x/cc.
11:59:46.468 debug: Resolve cc from file:///Users/user/workspace/MoleStrike/assets/scripts/ui/UIManager.ts as cce:/internal/x/cc.
11:59:46.468 debug: Resolve ../game/DailyChallengeManager from file:///Users/user/workspace/MoleStrike/assets/scripts/ui/UIManager.ts as file:///Users/user/workspace/MoleStrike/assets/scripts/game/DailyChallengeManager.ts.
11:59:46.468 debug: Resolve cce:/internal/code-quality/cr.mjs from file:///Users/user/workspace/MoleStrike/assets/scripts/game/DailyChallengeManager.ts as cce:/internal/code-quality/cr.mjs.
11:59:46.468 debug: Resolve cc from file:///Users/user/workspace/MoleStrike/assets/scripts/game/DailyChallengeManager.ts as cce:/internal/x/cc.
11:59:46.468 debug: Resolve ../core/StorageManager from file:///Users/user/workspace/MoleStrike/assets/scripts/game/DailyChallengeManager.ts as file:///Users/user/workspace/MoleStrike/assets/scripts/core/StorageManager.ts.
11:59:46.468 debug: Resolve cce:/internal/code-quality/cr.mjs from file:///Users/user/workspace/MoleStrike/assets/scripts/ui/TutorialManager.ts as cce:/internal/code-quality/cr.mjs.
11:59:46.468 debug: Resolve cc from file:///Users/user/workspace/MoleStrike/assets/scripts/ui/TutorialManager.ts as cce:/internal/x/cc.
11:59:46.468 debug: Resolve cc from file:///Users/user/workspace/MoleStrike/assets/scripts/ui/TutorialManager.ts as cce:/internal/x/cc.
11:59:46.468 debug: Resolve cc from file:///Users/user/workspace/MoleStrike/assets/scripts/ui/TutorialManager.ts as cce:/internal/x/cc.
11:59:46.468 debug: Resolve ../core/AudioManager from file:///Users/user/workspace/MoleStrike/assets/scripts/ui/TutorialManager.ts as file:///Users/user/workspace/MoleStrike/assets/scripts/core/AudioManager.ts.
11:59:46.468 debug: Resolve ../core/StorageManager from file:///Users/user/workspace/MoleStrike/assets/scripts/ui/TutorialManager.ts as file:///Users/user/workspace/MoleStrike/assets/scripts/core/StorageManager.ts.
11:59:46.468 debug: Resolve cc from file:///Users/user/workspace/MoleStrike/assets/scripts/game/ComboManager.ts as cce:/internal/x/cc.
11:59:46.468 debug: Resolve cc from file:///Users/user/workspace/MoleStrike/assets/scripts/game/ComboManager.ts as cce:/internal/x/cc.
11:59:46.468 debug: Resolve cc from file:///Users/user/workspace/MoleStrike/assets/scripts/game/ComboManager.ts as cce:/internal/x/cc.
11:59:46.468 debug: Resolve cce:/internal/code-quality/cr.mjs from file:///Users/user/workspace/MoleStrike/assets/scripts/game/MoleManager.ts as cce:/internal/code-quality/cr.mjs.
11:59:46.468 debug: Resolve cc from file:///Users/user/workspace/MoleStrike/assets/scripts/game/MoleManager.ts as cce:/internal/x/cc.
11:59:46.468 debug: Resolve cc from file:///Users/user/workspace/MoleStrike/assets/scripts/game/MoleManager.ts as cce:/internal/x/cc.
11:59:46.468 debug: Resolve cc from file:///Users/user/workspace/MoleStrike/assets/scripts/game/MoleManager.ts as cce:/internal/x/cc.
11:59:46.468 debug: Resolve ../core/AudioManager from file:///Users/user/workspace/MoleStrike/assets/scripts/game/MoleManager.ts as file:///Users/user/workspace/MoleStrike/assets/scripts/core/AudioManager.ts.
11:59:46.468 debug: Resolve ../core/ArtResourceManager from file:///Users/user/workspace/MoleStrike/assets/scripts/game/MoleManager.ts as file:///Users/user/workspace/MoleStrike/assets/scripts/core/ArtResourceManager.ts.
11:59:46.469 debug: Resolve ../core/GameTypes from file:///Users/user/workspace/MoleStrike/assets/scripts/game/MoleManager.ts as file:///Users/user/workspace/MoleStrike/assets/scripts/core/GameTypes.ts.
11:59:46.469 debug: Resolve ./Mole from file:///Users/user/workspace/MoleStrike/assets/scripts/game/MoleManager.ts as file:///Users/user/workspace/MoleStrike/assets/scripts/game/Mole.ts.
11:59:46.469 debug: Resolve cce:/internal/code-quality/cr.mjs from file:///Users/user/workspace/MoleStrike/assets/scripts/game/Mole.ts as cce:/internal/code-quality/cr.mjs.
11:59:46.469 debug: Resolve cc from file:///Users/user/workspace/MoleStrike/assets/scripts/game/Mole.ts as cce:/internal/x/cc.
11:59:46.469 debug: Resolve cc from file:///Users/user/workspace/MoleStrike/assets/scripts/game/Mole.ts as cce:/internal/x/cc.
11:59:46.469 debug: Resolve cc from file:///Users/user/workspace/MoleStrike/assets/scripts/game/Mole.ts as cce:/internal/x/cc.
11:59:46.469 debug: Resolve ../core/GameTypes from file:///Users/user/workspace/MoleStrike/assets/scripts/game/Mole.ts as file:///Users/user/workspace/MoleStrike/assets/scripts/core/GameTypes.ts.
11:59:46.469 debug: Resolve cc from file:///Users/user/workspace/MoleStrike/assets/scripts/game/ScoreManager.ts as cce:/internal/x/cc.
11:59:46.469 debug: Resolve cc from file:///Users/user/workspace/MoleStrike/assets/scripts/game/ScoreManager.ts as cce:/internal/x/cc.
11:59:46.469 debug: Resolve cc from file:///Users/user/workspace/MoleStrike/assets/scripts/game/ScoreManager.ts as cce:/internal/x/cc.
11:59:46.469 debug: Resolve cc from file:///Users/user/workspace/MoleStrike/assets/scripts/game/TimerManager.ts as cce:/internal/x/cc.
11:59:46.469 debug: Resolve cc from file:///Users/user/workspace/MoleStrike/assets/scripts/game/TimerManager.ts as cce:/internal/x/cc.
11:59:46.469 debug: Resolve cc from file:///Users/user/workspace/MoleStrike/assets/scripts/game/TimerManager.ts as cce:/internal/x/cc.
11:59:46.469 debug: Resolve cc from file:///Users/user/workspace/MoleStrike/assets/scripts/ui/SafeAreaLayout.ts as cce:/internal/x/cc.
11:59:46.469 debug: Resolve cc from file:///Users/user/workspace/MoleStrike/assets/scripts/ui/SafeAreaLayout.ts as cce:/internal/x/cc.
11:59:46.469 debug: Resolve cc from file:///Users/user/workspace/MoleStrike/assets/scripts/ui/SafeAreaLayout.ts as cce:/internal/x/cc.
11:59:46.480 debug: Target(editor) ends with cost 64.58650000000034ms.
11:59:46.481 debug: Target(preview) build started.
11:59:46.485 debug: Detected change: cce:/internal/x/cc. Last mtime: Thu Jan 01 1970 08:00:03 GMT+0800 (中国标准时间), Current mtime: Thu Jan 01 1970 08:00:05 GMT+0800 (中国标准时间)
11:59:46.485 debug: Inspect cce:/internal/x/cc
11:59:46.504 debug: transform url: 'cce:/internal/x/cc' costs: 18.70 ms
11:59:46.504 debug: Resolve cce:/internal/x/cc-fu/2d from cce:/internal/x/cc as external dependency cce:/internal/x/cc-fu/2d.
11:59:46.504 debug: Resolve cce:/internal/x/cc-fu/sorting from cce:/internal/x/cc as external dependency cce:/internal/x/cc-fu/sorting.
11:59:46.504 debug: Resolve cce:/internal/x/cc-fu/3d from cce:/internal/x/cc as external dependency cce:/internal/x/cc-fu/3d.
11:59:46.504 debug: Resolve cce:/internal/x/cc-fu/affine-transform from cce:/internal/x/cc as external dependency cce:/internal/x/cc-fu/affine-transform.
11:59:46.504 debug: Resolve cce:/internal/x/cc-fu/animation from cce:/internal/x/cc as external dependency cce:/internal/x/cc-fu/animation.
11:59:46.504 debug: Resolve cce:/internal/x/cc-fu/audio from cce:/internal/x/cc as external dependency cce:/internal/x/cc-fu/audio.
11:59:46.504 debug: Resolve cce:/internal/x/cc-fu/base from cce:/internal/x/cc as external dependency cce:/internal/x/cc-fu/base.
11:59:46.504 debug: Resolve cce:/internal/x/cc-fu/custom-pipeline from cce:/internal/x/cc as external dependency cce:/internal/x/cc-fu/custom-pipeline.
11:59:46.504 debug: Resolve cce:/internal/x/cc-fu/dragon-bones from cce:/internal/x/cc as external dependency cce:/internal/x/cc-fu/dragon-bones.
11:59:46.504 debug: Resolve cce:/internal/x/cc-fu/gfx-webgl from cce:/internal/x/cc as external dependency cce:/internal/x/cc-fu/gfx-webgl.
11:59:46.504 debug: Resolve cce:/internal/x/cc-fu/graphics from cce:/internal/x/cc as external dependency cce:/internal/x/cc-fu/graphics.
11:59:46.504 debug: Resolve cce:/internal/x/cc-fu/intersection-2d from cce:/internal/x/cc as external dependency cce:/internal/x/cc-fu/intersection-2d.
11:59:46.504 debug: Resolve cce:/internal/x/cc-fu/light-probe from cce:/internal/x/cc as external dependency cce:/internal/x/cc-fu/light-probe.
11:59:46.504 debug: Resolve cce:/internal/x/cc-fu/mask from cce:/internal/x/cc as external dependency cce:/internal/x/cc-fu/mask.
11:59:46.504 debug: Resolve cce:/internal/x/cc-fu/particle from cce:/internal/x/cc as external dependency cce:/internal/x/cc-fu/particle.
11:59:46.504 debug: Resolve cce:/internal/x/cc-fu/particle-2d from cce:/internal/x/cc as external dependency cce:/internal/x/cc-fu/particle-2d.
11:59:46.504 debug: Resolve cce:/internal/x/cc-fu/physics-2d-box2d from cce:/internal/x/cc as external dependency cce:/internal/x/cc-fu/physics-2d-box2d.
11:59:46.504 debug: Resolve cce:/internal/x/cc-fu/physics-2d-framework from cce:/internal/x/cc as external dependency cce:/internal/x/cc-fu/physics-2d-framework.
11:59:46.504 debug: Resolve cce:/internal/x/cc-fu/physics-ammo from cce:/internal/x/cc as external dependency cce:/internal/x/cc-fu/physics-ammo.
11:59:46.504 debug: Resolve cce:/internal/x/cc-fu/physics-framework from cce:/internal/x/cc as external dependency cce:/internal/x/cc-fu/physics-framework.
11:59:46.504 debug: Resolve cce:/internal/x/cc-fu/primitive from cce:/internal/x/cc as external dependency cce:/internal/x/cc-fu/primitive.
11:59:46.504 debug: Resolve cce:/internal/x/cc-fu/profiler from cce:/internal/x/cc as external dependency cce:/internal/x/cc-fu/profiler.
11:59:46.504 debug: Resolve cce:/internal/x/cc-fu/rich-text from cce:/internal/x/cc as external dependency cce:/internal/x/cc-fu/rich-text.
11:59:46.504 debug: Resolve cce:/internal/x/cc-fu/skeletal-animation from cce:/internal/x/cc as external dependency cce:/internal/x/cc-fu/skeletal-animation.
11:59:46.504 debug: Resolve cce:/internal/x/cc-fu/spine from cce:/internal/x/cc as external dependency cce:/internal/x/cc-fu/spine.
11:59:46.504 debug: Resolve cce:/internal/x/cc-fu/terrain from cce:/internal/x/cc as external dependency cce:/internal/x/cc-fu/terrain.
11:59:46.504 debug: Resolve cce:/internal/x/cc-fu/tiled-map from cce:/internal/x/cc as external dependency cce:/internal/x/cc-fu/tiled-map.
11:59:46.504 debug: Resolve cce:/internal/x/cc-fu/tween from cce:/internal/x/cc as external dependency cce:/internal/x/cc-fu/tween.
11:59:46.504 debug: Resolve cce:/internal/x/cc-fu/ui from cce:/internal/x/cc as external dependency cce:/internal/x/cc-fu/ui.
11:59:46.504 debug: Resolve cce:/internal/x/cc-fu/ui-skew from cce:/internal/x/cc as external dependency cce:/internal/x/cc-fu/ui-skew.
11:59:46.504 debug: Resolve cce:/internal/x/cc-fu/video from cce:/internal/x/cc as external dependency cce:/internal/x/cc-fu/video.
11:59:46.504 debug: Resolve cce:/internal/x/cc-fu/webview from cce:/internal/x/cc as external dependency cce:/internal/x/cc-fu/webview.
11:59:46.505 debug: Detected change: cce:/internal/x/prerequisite-imports. Last mtime: Thu Jan 01 1970 08:00:04 GMT+0800 (中国标准时间), Current mtime: Thu Jan 01 1970 08:00:05 GMT+0800 (中国标准时间)
11:59:46.505 debug: Inspect cce:/internal/x/prerequisite-imports
11:59:46.509 debug: transform url: 'cce:/internal/x/prerequisite-imports' costs: 4.30 ms
11:59:46.509 debug: Resolve file:///Applications/Cocos/Creator/3.8.8/CocosCreator.app/Contents/Resources/resources/3d/engine/editor/assets/default_renderpipeline/builtin-dof-pass.ts from cce:/internal/x/prerequisite-imports as file:///Applications/Cocos/Creator/3.8.8/CocosCreator.app/Contents/Resources/resources/3d/engine/editor/assets/default_renderpipeline/builtin-dof-pass.ts.
11:59:46.509 debug: Resolve file:///Applications/Cocos/Creator/3.8.8/CocosCreator.app/Contents/Resources/resources/3d/engine/editor/assets/default_renderpipeline/builtin-pipeline-pass.ts from cce:/internal/x/prerequisite-imports as file:///Applications/Cocos/Creator/3.8.8/CocosCreator.app/Contents/Resources/resources/3d/engine/editor/assets/default_renderpipeline/builtin-pipeline-pass.ts.
11:59:46.509 debug: Resolve file:///Applications/Cocos/Creator/3.8.8/CocosCreator.app/Contents/Resources/resources/3d/engine/editor/assets/default_renderpipeline/builtin-pipeline-settings.ts from cce:/internal/x/prerequisite-imports as file:///Applications/Cocos/Creator/3.8.8/CocosCreator.app/Contents/Resources/resources/3d/engine/editor/assets/default_renderpipeline/builtin-pipeline-settings.ts.
11:59:46.509 debug: Resolve file:///Applications/Cocos/Creator/3.8.8/CocosCreator.app/Contents/Resources/resources/3d/engine/editor/assets/default_renderpipeline/builtin-pipeline-types.ts from cce:/internal/x/prerequisite-imports as file:///Applications/Cocos/Creator/3.8.8/CocosCreator.app/Contents/Resources/resources/3d/engine/editor/assets/default_renderpipeline/builtin-pipeline-types.ts.
11:59:46.509 debug: Resolve file:///Applications/Cocos/Creator/3.8.8/CocosCreator.app/Contents/Resources/resources/3d/engine/editor/assets/default_renderpipeline/builtin-pipeline.ts from cce:/internal/x/prerequisite-imports as file:///Applications/Cocos/Creator/3.8.8/CocosCreator.app/Contents/Resources/resources/3d/engine/editor/assets/default_renderpipeline/builtin-pipeline.ts.
11:59:46.509 debug: Resolve file:///Applications/Cocos/Creator/3.8.8/CocosCreator.app/Contents/Resources/resources/3d/engine/editor/assets/tools/debug-view-runtime-control.ts from cce:/internal/x/prerequisite-imports as file:///Applications/Cocos/Creator/3.8.8/CocosCreator.app/Contents/Resources/resources/3d/engine/editor/assets/tools/debug-view-runtime-control.ts.
11:59:46.510 debug: Resolve file:///Users/user/workspace/MoleStrike/assets/scripts/core/ArtResourceManager.ts from cce:/internal/x/prerequisite-imports as file:///Users/user/workspace/MoleStrike/assets/scripts/core/ArtResourceManager.ts.
11:59:46.510 debug: Resolve file:///Users/user/workspace/MoleStrike/assets/scripts/core/AudioManager.ts from cce:/internal/x/prerequisite-imports as file:///Users/user/workspace/MoleStrike/assets/scripts/core/AudioManager.ts.
11:59:46.510 debug: Resolve file:///Users/user/workspace/MoleStrike/assets/scripts/core/GameTypes.ts from cce:/internal/x/prerequisite-imports as file:///Users/user/workspace/MoleStrike/assets/scripts/core/GameTypes.ts.
11:59:46.510 debug: Resolve file:///Users/user/workspace/MoleStrike/assets/scripts/core/StorageManager.ts from cce:/internal/x/prerequisite-imports as file:///Users/user/workspace/MoleStrike/assets/scripts/core/StorageManager.ts.
11:59:46.510 debug: Resolve file:///Users/user/workspace/MoleStrike/assets/scripts/game/AutoGameBootstrap.ts from cce:/internal/x/prerequisite-imports as file:///Users/user/workspace/MoleStrike/assets/scripts/game/AutoGameBootstrap.ts.
11:59:46.510 debug: Resolve file:///Users/user/workspace/MoleStrike/assets/scripts/game/ComboManager.ts from cce:/internal/x/prerequisite-imports as file:///Users/user/workspace/MoleStrike/assets/scripts/game/ComboManager.ts.
11:59:46.510 debug: Resolve file:///Users/user/workspace/MoleStrike/assets/scripts/game/DailyChallengeManager.ts from cce:/internal/x/prerequisite-imports as file:///Users/user/workspace/MoleStrike/assets/scripts/game/DailyChallengeManager.ts.
11:59:46.510 debug: Resolve file:///Users/user/workspace/MoleStrike/assets/scripts/game/GameManager.ts from cce:/internal/x/prerequisite-imports as file:///Users/user/workspace/MoleStrike/assets/scripts/game/GameManager.ts.
11:59:46.510 debug: Resolve file:///Users/user/workspace/MoleStrike/assets/scripts/game/Mole.ts from cce:/internal/x/prerequisite-imports as file:///Users/user/workspace/MoleStrike/assets/scripts/game/Mole.ts.
11:59:46.510 debug: Resolve file:///Users/user/workspace/MoleStrike/assets/scripts/game/MoleManager.ts from cce:/internal/x/prerequisite-imports as file:///Users/user/workspace/MoleStrike/assets/scripts/game/MoleManager.ts.
11:59:46.510 debug: Resolve file:///Users/user/workspace/MoleStrike/assets/scripts/game/ScoreManager.ts from cce:/internal/x/prerequisite-imports as file:///Users/user/workspace/MoleStrike/assets/scripts/game/ScoreManager.ts.
11:59:46.510 debug: Resolve file:///Users/user/workspace/MoleStrike/assets/scripts/game/TimerManager.ts from cce:/internal/x/prerequisite-imports as file:///Users/user/workspace/MoleStrike/assets/scripts/game/TimerManager.ts.
11:59:46.510 debug: Resolve file:///Users/user/workspace/MoleStrike/assets/scripts/platform/PlatformAdapter.ts from cce:/internal/x/prerequisite-imports as file:///Users/user/workspace/MoleStrike/assets/scripts/platform/PlatformAdapter.ts.
11:59:46.510 debug: Resolve file:///Users/user/workspace/MoleStrike/assets/scripts/ui/SafeAreaLayout.ts from cce:/internal/x/prerequisite-imports as file:///Users/user/workspace/MoleStrike/assets/scripts/ui/SafeAreaLayout.ts.
11:59:46.510 debug: Resolve file:///Users/user/workspace/MoleStrike/assets/scripts/ui/TutorialManager.ts from cce:/internal/x/prerequisite-imports as file:///Users/user/workspace/MoleStrike/assets/scripts/ui/TutorialManager.ts.
11:59:46.510 debug: Resolve file:///Users/user/workspace/MoleStrike/assets/scripts/ui/UIManager.ts from cce:/internal/x/prerequisite-imports as file:///Users/user/workspace/MoleStrike/assets/scripts/ui/UIManager.ts.
11:59:46.510 debug: Resolve cce:/internal/code-quality/cr.mjs from file:///Applications/Cocos/Creator/3.8.8/CocosCreator.app/Contents/Resources/resources/3d/engine/editor/assets/default_renderpipeline/builtin-dof-pass.ts as cce:/internal/code-quality/cr.mjs.
11:59:46.510 debug: Detected change: cce:/internal/code-quality/cr.mjs. Last mtime: Thu Jun 18 2026 11:59:33 GMT+0800 (中国标准时间), Current mtime: Thu Jun 18 2026 11:59:41 GMT+0800 (中国标准时间)
11:59:46.510 debug: Inspect cce:/internal/code-quality/cr.mjs
11:59:46.515 debug: transform url: 'cce:/internal/code-quality/cr.mjs' costs: 4.60 ms
11:59:46.515 debug: Resolve cc from file:///Applications/Cocos/Creator/3.8.8/CocosCreator.app/Contents/Resources/resources/3d/engine/editor/assets/default_renderpipeline/builtin-dof-pass.ts as cce:/internal/x/cc.
11:59:46.515 debug: Resolve cc from file:///Applications/Cocos/Creator/3.8.8/CocosCreator.app/Contents/Resources/resources/3d/engine/editor/assets/default_renderpipeline/builtin-dof-pass.ts as cce:/internal/x/cc.
11:59:46.515 debug: Resolve cc from file:///Applications/Cocos/Creator/3.8.8/CocosCreator.app/Contents/Resources/resources/3d/engine/editor/assets/default_renderpipeline/builtin-dof-pass.ts as cce:/internal/x/cc.
11:59:46.515 debug: Resolve cc/env from file:///Applications/Cocos/Creator/3.8.8/CocosCreator.app/Contents/Resources/resources/3d/engine/editor/assets/default_renderpipeline/builtin-dof-pass.ts as external dependency cc/env.
11:59:46.515 debug: Resolve ./builtin-pipeline-settings from file:///Applications/Cocos/Creator/3.8.8/CocosCreator.app/Contents/Resources/resources/3d/engine/editor/assets/default_renderpipeline/builtin-dof-pass.ts as file:///Applications/Cocos/Creator/3.8.8/CocosCreator.app/Contents/Resources/resources/3d/engine/editor/assets/default_renderpipeline/builtin-pipeline-settings.ts.
11:59:46.515 debug: Resolve ./builtin-pipeline-pass from file:///Applications/Cocos/Creator/3.8.8/CocosCreator.app/Contents/Resources/resources/3d/engine/editor/assets/default_renderpipeline/builtin-dof-pass.ts as file:///Applications/Cocos/Creator/3.8.8/CocosCreator.app/Contents/Resources/resources/3d/engine/editor/assets/default_renderpipeline/builtin-pipeline-pass.ts.
11:59:46.515 debug: Resolve ./builtin-pipeline from file:///Applications/Cocos/Creator/3.8.8/CocosCreator.app/Contents/Resources/resources/3d/engine/editor/assets/default_renderpipeline/builtin-dof-pass.ts as file:///Applications/Cocos/Creator/3.8.8/CocosCreator.app/Contents/Resources/resources/3d/engine/editor/assets/default_renderpipeline/builtin-pipeline.ts.
11:59:46.515 debug: Resolve cce:/internal/code-quality/cr.mjs from file:///Applications/Cocos/Creator/3.8.8/CocosCreator.app/Contents/Resources/resources/3d/engine/editor/assets/default_renderpipeline/builtin-pipeline-settings.ts as cce:/internal/code-quality/cr.mjs.
11:59:46.515 debug: Resolve cc from file:///Applications/Cocos/Creator/3.8.8/CocosCreator.app/Contents/Resources/resources/3d/engine/editor/assets/default_renderpipeline/builtin-pipeline-settings.ts as cce:/internal/x/cc.
11:59:46.515 debug: Resolve cc from file:///Applications/Cocos/Creator/3.8.8/CocosCreator.app/Contents/Resources/resources/3d/engine/editor/assets/default_renderpipeline/builtin-pipeline-settings.ts as cce:/internal/x/cc.
11:59:46.515 debug: Resolve cc from file:///Applications/Cocos/Creator/3.8.8/CocosCreator.app/Contents/Resources/resources/3d/engine/editor/assets/default_renderpipeline/builtin-pipeline-settings.ts as cce:/internal/x/cc.
11:59:46.515 debug: Resolve cc/env from file:///Applications/Cocos/Creator/3.8.8/CocosCreator.app/Contents/Resources/resources/3d/engine/editor/assets/default_renderpipeline/builtin-pipeline-settings.ts as external dependency cc/env.
11:59:46.515 debug: Resolve ./builtin-pipeline-types from file:///Applications/Cocos/Creator/3.8.8/CocosCreator.app/Contents/Resources/resources/3d/engine/editor/assets/default_renderpipeline/builtin-pipeline-settings.ts as file:///Applications/Cocos/Creator/3.8.8/CocosCreator.app/Contents/Resources/resources/3d/engine/editor/assets/default_renderpipeline/builtin-pipeline-types.ts.
11:59:46.515 debug: Resolve cc from file:///Applications/Cocos/Creator/3.8.8/CocosCreator.app/Contents/Resources/resources/3d/engine/editor/assets/default_renderpipeline/builtin-pipeline-types.ts as cce:/internal/x/cc.
11:59:46.515 debug: Resolve cc from file:///Applications/Cocos/Creator/3.8.8/CocosCreator.app/Contents/Resources/resources/3d/engine/editor/assets/default_renderpipeline/builtin-pipeline-types.ts as cce:/internal/x/cc.
11:59:46.515 debug: Resolve cc from file:///Applications/Cocos/Creator/3.8.8/CocosCreator.app/Contents/Resources/resources/3d/engine/editor/assets/default_renderpipeline/builtin-pipeline-types.ts as cce:/internal/x/cc.
11:59:46.515 debug: Resolve cce:/internal/code-quality/cr.mjs from file:///Applications/Cocos/Creator/3.8.8/CocosCreator.app/Contents/Resources/resources/3d/engine/editor/assets/default_renderpipeline/builtin-pipeline-pass.ts as cce:/internal/code-quality/cr.mjs.
11:59:46.515 debug: Resolve cc from file:///Applications/Cocos/Creator/3.8.8/CocosCreator.app/Contents/Resources/resources/3d/engine/editor/assets/default_renderpipeline/builtin-pipeline-pass.ts as cce:/internal/x/cc.
11:59:46.515 debug: Resolve cc from file:///Applications/Cocos/Creator/3.8.8/CocosCreator.app/Contents/Resources/resources/3d/engine/editor/assets/default_renderpipeline/builtin-pipeline-pass.ts as cce:/internal/x/cc.
11:59:46.515 debug: Resolve cc from file:///Applications/Cocos/Creator/3.8.8/CocosCreator.app/Contents/Resources/resources/3d/engine/editor/assets/default_renderpipeline/builtin-pipeline-pass.ts as cce:/internal/x/cc.
11:59:46.515 debug: Resolve ./builtin-pipeline-settings from file:///Applications/Cocos/Creator/3.8.8/CocosCreator.app/Contents/Resources/resources/3d/engine/editor/assets/default_renderpipeline/builtin-pipeline-pass.ts as file:///Applications/Cocos/Creator/3.8.8/CocosCreator.app/Contents/Resources/resources/3d/engine/editor/assets/default_renderpipeline/builtin-pipeline-settings.ts.
11:59:46.515 debug: Resolve cc/env from file:///Applications/Cocos/Creator/3.8.8/CocosCreator.app/Contents/Resources/resources/3d/engine/editor/assets/default_renderpipeline/builtin-pipeline-pass.ts as external dependency cc/env.
11:59:46.515 debug: Resolve cce:/internal/code-quality/cr.mjs from file:///Applications/Cocos/Creator/3.8.8/CocosCreator.app/Contents/Resources/resources/3d/engine/editor/assets/default_renderpipeline/builtin-pipeline.ts as cce:/internal/code-quality/cr.mjs.
11:59:46.515 debug: Resolve cc from file:///Applications/Cocos/Creator/3.8.8/CocosCreator.app/Contents/Resources/resources/3d/engine/editor/assets/default_renderpipeline/builtin-pipeline.ts as cce:/internal/x/cc.
11:59:46.515 debug: Resolve cc from file:///Applications/Cocos/Creator/3.8.8/CocosCreator.app/Contents/Resources/resources/3d/engine/editor/assets/default_renderpipeline/builtin-pipeline.ts as cce:/internal/x/cc.
11:59:46.515 debug: Resolve cc from file:///Applications/Cocos/Creator/3.8.8/CocosCreator.app/Contents/Resources/resources/3d/engine/editor/assets/default_renderpipeline/builtin-pipeline.ts as cce:/internal/x/cc.
11:59:46.515 debug: Resolve cc/env from file:///Applications/Cocos/Creator/3.8.8/CocosCreator.app/Contents/Resources/resources/3d/engine/editor/assets/default_renderpipeline/builtin-pipeline.ts as external dependency cc/env.
11:59:46.516 debug: Resolve ./builtin-pipeline-types from file:///Applications/Cocos/Creator/3.8.8/CocosCreator.app/Contents/Resources/resources/3d/engine/editor/assets/default_renderpipeline/builtin-pipeline.ts as file:///Applications/Cocos/Creator/3.8.8/CocosCreator.app/Contents/Resources/resources/3d/engine/editor/assets/default_renderpipeline/builtin-pipeline-types.ts.
11:59:46.516 debug: Resolve cc from file:///Applications/Cocos/Creator/3.8.8/CocosCreator.app/Contents/Resources/resources/3d/engine/editor/assets/tools/debug-view-runtime-control.ts as cce:/internal/x/cc.
11:59:46.516 debug: Resolve cc from file:///Applications/Cocos/Creator/3.8.8/CocosCreator.app/Contents/Resources/resources/3d/engine/editor/assets/tools/debug-view-runtime-control.ts as cce:/internal/x/cc.
11:59:46.516 debug: Resolve cc from file:///Applications/Cocos/Creator/3.8.8/CocosCreator.app/Contents/Resources/resources/3d/engine/editor/assets/tools/debug-view-runtime-control.ts as cce:/internal/x/cc.
11:59:46.516 debug: Resolve cc from file:///Users/user/workspace/MoleStrike/assets/scripts/core/ArtResourceManager.ts as cce:/internal/x/cc.
11:59:46.516 debug: Resolve cc from file:///Users/user/workspace/MoleStrike/assets/scripts/core/ArtResourceManager.ts as cce:/internal/x/cc.
11:59:46.516 debug: Resolve cc from file:///Users/user/workspace/MoleStrike/assets/scripts/core/ArtResourceManager.ts as cce:/internal/x/cc.
11:59:46.516 debug: Resolve cce:/internal/code-quality/cr.mjs from file:///Users/user/workspace/MoleStrike/assets/scripts/core/AudioManager.ts as cce:/internal/code-quality/cr.mjs.
11:59:46.516 debug: Resolve cc from file:///Users/user/workspace/MoleStrike/assets/scripts/core/AudioManager.ts as cce:/internal/x/cc.
11:59:46.516 debug: Resolve cc from file:///Users/user/workspace/MoleStrike/assets/scripts/core/AudioManager.ts as cce:/internal/x/cc.
11:59:46.516 debug: Resolve cc from file:///Users/user/workspace/MoleStrike/assets/scripts/core/AudioManager.ts as cce:/internal/x/cc.
11:59:46.516 debug: Resolve ./StorageManager from file:///Users/user/workspace/MoleStrike/assets/scripts/core/AudioManager.ts as file:///Users/user/workspace/MoleStrike/assets/scripts/core/StorageManager.ts.
11:59:46.516 debug: Resolve cce:/internal/code-quality/cr.mjs from file:///Users/user/workspace/MoleStrike/assets/scripts/core/StorageManager.ts as cce:/internal/code-quality/cr.mjs.
11:59:46.516 debug: Resolve cc from file:///Users/user/workspace/MoleStrike/assets/scripts/core/StorageManager.ts as cce:/internal/x/cc.
11:59:46.516 debug: Resolve cc from file:///Users/user/workspace/MoleStrike/assets/scripts/core/StorageManager.ts as cce:/internal/x/cc.
11:59:46.516 debug: Resolve cc from file:///Users/user/workspace/MoleStrike/assets/scripts/core/StorageManager.ts as cce:/internal/x/cc.
11:59:46.516 debug: Resolve cc from file:///Users/user/workspace/MoleStrike/assets/scripts/core/GameTypes.ts as cce:/internal/x/cc.
11:59:46.516 debug: Resolve cce:/internal/code-quality/cr.mjs from file:///Users/user/workspace/MoleStrike/assets/scripts/game/AutoGameBootstrap.ts as cce:/internal/code-quality/cr.mjs.
11:59:46.516 debug: Resolve cc from file:///Users/user/workspace/MoleStrike/assets/scripts/game/AutoGameBootstrap.ts as cce:/internal/x/cc.
11:59:46.516 debug: Resolve cc from file:///Users/user/workspace/MoleStrike/assets/scripts/game/AutoGameBootstrap.ts as cce:/internal/x/cc.
11:59:46.516 debug: Resolve cc from file:///Users/user/workspace/MoleStrike/assets/scripts/game/AutoGameBootstrap.ts as cce:/internal/x/cc.
11:59:46.516 debug: Resolve ../core/AudioManager from file:///Users/user/workspace/MoleStrike/assets/scripts/game/AutoGameBootstrap.ts as file:///Users/user/workspace/MoleStrike/assets/scripts/core/AudioManager.ts.
11:59:46.516 debug: Resolve ../core/ArtResourceManager from file:///Users/user/workspace/MoleStrike/assets/scripts/game/AutoGameBootstrap.ts as file:///Users/user/workspace/MoleStrike/assets/scripts/core/ArtResourceManager.ts.
11:59:46.516 debug: Resolve ./GameManager from file:///Users/user/workspace/MoleStrike/assets/scripts/game/AutoGameBootstrap.ts as file:///Users/user/workspace/MoleStrike/assets/scripts/game/GameManager.ts.
11:59:46.516 debug: Resolve ./MoleManager from file:///Users/user/workspace/MoleStrike/assets/scripts/game/AutoGameBootstrap.ts as file:///Users/user/workspace/MoleStrike/assets/scripts/game/MoleManager.ts.
11:59:46.516 debug: Resolve ./ScoreManager from file:///Users/user/workspace/MoleStrike/assets/scripts/game/AutoGameBootstrap.ts as file:///Users/user/workspace/MoleStrike/assets/scripts/game/ScoreManager.ts.
11:59:46.516 debug: Resolve ./TimerManager from file:///Users/user/workspace/MoleStrike/assets/scripts/game/AutoGameBootstrap.ts as file:///Users/user/workspace/MoleStrike/assets/scripts/game/TimerManager.ts.
11:59:46.516 debug: Resolve ../ui/UIManager from file:///Users/user/workspace/MoleStrike/assets/scripts/game/AutoGameBootstrap.ts as file:///Users/user/workspace/MoleStrike/assets/scripts/ui/UIManager.ts.
11:59:46.516 debug: Resolve ./ComboManager from file:///Users/user/workspace/MoleStrike/assets/scripts/game/AutoGameBootstrap.ts as file:///Users/user/workspace/MoleStrike/assets/scripts/game/ComboManager.ts.
11:59:46.516 debug: Resolve ../platform/PlatformAdapter from file:///Users/user/workspace/MoleStrike/assets/scripts/game/AutoGameBootstrap.ts as file:///Users/user/workspace/MoleStrike/assets/scripts/platform/PlatformAdapter.ts.
11:59:46.516 debug: Resolve ../ui/TutorialManager from file:///Users/user/workspace/MoleStrike/assets/scripts/game/AutoGameBootstrap.ts as file:///Users/user/workspace/MoleStrike/assets/scripts/ui/TutorialManager.ts.
11:59:46.516 debug: Resolve ../ui/SafeAreaLayout from file:///Users/user/workspace/MoleStrike/assets/scripts/game/AutoGameBootstrap.ts as file:///Users/user/workspace/MoleStrike/assets/scripts/ui/SafeAreaLayout.ts.
11:59:46.516 debug: Resolve cce:/internal/code-quality/cr.mjs from file:///Users/user/workspace/MoleStrike/assets/scripts/game/GameManager.ts as cce:/internal/code-quality/cr.mjs.
11:59:46.516 debug: Resolve cc from file:///Users/user/workspace/MoleStrike/assets/scripts/game/GameManager.ts as cce:/internal/x/cc.
11:59:46.516 debug: Resolve cc from file:///Users/user/workspace/MoleStrike/assets/scripts/game/GameManager.ts as cce:/internal/x/cc.
11:59:46.516 debug: Resolve cc from file:///Users/user/workspace/MoleStrike/assets/scripts/game/GameManager.ts as cce:/internal/x/cc.
11:59:46.516 debug: Resolve ../core/AudioManager from file:///Users/user/workspace/MoleStrike/assets/scripts/game/GameManager.ts as file:///Users/user/workspace/MoleStrike/assets/scripts/core/AudioManager.ts.
11:59:46.516 debug: Resolve ../core/GameTypes from file:///Users/user/workspace/MoleStrike/assets/scripts/game/GameManager.ts as file:///Users/user/workspace/MoleStrike/assets/scripts/core/GameTypes.ts.
11:59:46.516 debug: Resolve ../core/StorageManager from file:///Users/user/workspace/MoleStrike/assets/scripts/game/GameManager.ts as file:///Users/user/workspace/MoleStrike/assets/scripts/core/StorageManager.ts.
11:59:46.516 debug: Resolve ../platform/PlatformAdapter from file:///Users/user/workspace/MoleStrike/assets/scripts/game/GameManager.ts as file:///Users/user/workspace/MoleStrike/assets/scripts/platform/PlatformAdapter.ts.
11:59:46.516 debug: Resolve ../ui/UIManager from file:///Users/user/workspace/MoleStrike/assets/scripts/game/GameManager.ts as file:///Users/user/workspace/MoleStrike/assets/scripts/ui/UIManager.ts.
11:59:46.516 debug: Resolve ../ui/TutorialManager from file:///Users/user/workspace/MoleStrike/assets/scripts/game/GameManager.ts as file:///Users/user/workspace/MoleStrike/assets/scripts/ui/TutorialManager.ts.
11:59:46.516 debug: Resolve ./ComboManager from file:///Users/user/workspace/MoleStrike/assets/scripts/game/GameManager.ts as file:///Users/user/workspace/MoleStrike/assets/scripts/game/ComboManager.ts.
11:59:46.516 debug: Resolve ./DailyChallengeManager from file:///Users/user/workspace/MoleStrike/assets/scripts/game/GameManager.ts as file:///Users/user/workspace/MoleStrike/assets/scripts/game/DailyChallengeManager.ts.
11:59:46.516 debug: Resolve ./MoleManager from file:///Users/user/workspace/MoleStrike/assets/scripts/game/GameManager.ts as file:///Users/user/workspace/MoleStrike/assets/scripts/game/MoleManager.ts.
11:59:46.516 debug: Resolve ./ScoreManager from file:///Users/user/workspace/MoleStrike/assets/scripts/game/GameManager.ts as file:///Users/user/workspace/MoleStrike/assets/scripts/game/ScoreManager.ts.
11:59:46.516 debug: Resolve ./TimerManager from file:///Users/user/workspace/MoleStrike/assets/scripts/game/GameManager.ts as file:///Users/user/workspace/MoleStrike/assets/scripts/game/TimerManager.ts.
11:59:46.517 debug: Resolve cc from file:///Users/user/workspace/MoleStrike/assets/scripts/platform/PlatformAdapter.ts as cce:/internal/x/cc.
11:59:46.517 debug: Resolve cc from file:///Users/user/workspace/MoleStrike/assets/scripts/platform/PlatformAdapter.ts as cce:/internal/x/cc.
11:59:46.517 debug: Resolve cc from file:///Users/user/workspace/MoleStrike/assets/scripts/platform/PlatformAdapter.ts as cce:/internal/x/cc.
11:59:46.517 debug: Resolve cce:/internal/code-quality/cr.mjs from file:///Users/user/workspace/MoleStrike/assets/scripts/ui/UIManager.ts as cce:/internal/code-quality/cr.mjs.
11:59:46.517 debug: Resolve cc from file:///Users/user/workspace/MoleStrike/assets/scripts/ui/UIManager.ts as cce:/internal/x/cc.
11:59:46.517 debug: Resolve cc from file:///Users/user/workspace/MoleStrike/assets/scripts/ui/UIManager.ts as cce:/internal/x/cc.
11:59:46.517 debug: Resolve cc from file:///Users/user/workspace/MoleStrike/assets/scripts/ui/UIManager.ts as cce:/internal/x/cc.
11:59:46.517 debug: Resolve ../game/DailyChallengeManager from file:///Users/user/workspace/MoleStrike/assets/scripts/ui/UIManager.ts as file:///Users/user/workspace/MoleStrike/assets/scripts/game/DailyChallengeManager.ts.
11:59:46.517 debug: Resolve cce:/internal/code-quality/cr.mjs from file:///Users/user/workspace/MoleStrike/assets/scripts/game/DailyChallengeManager.ts as cce:/internal/code-quality/cr.mjs.
11:59:46.517 debug: Resolve cc from file:///Users/user/workspace/MoleStrike/assets/scripts/game/DailyChallengeManager.ts as cce:/internal/x/cc.
11:59:46.517 debug: Resolve ../core/StorageManager from file:///Users/user/workspace/MoleStrike/assets/scripts/game/DailyChallengeManager.ts as file:///Users/user/workspace/MoleStrike/assets/scripts/core/StorageManager.ts.
11:59:46.517 debug: Resolve cce:/internal/code-quality/cr.mjs from file:///Users/user/workspace/MoleStrike/assets/scripts/ui/TutorialManager.ts as cce:/internal/code-quality/cr.mjs.
11:59:46.517 debug: Resolve cc from file:///Users/user/workspace/MoleStrike/assets/scripts/ui/TutorialManager.ts as cce:/internal/x/cc.
11:59:46.517 debug: Resolve cc from file:///Users/user/workspace/MoleStrike/assets/scripts/ui/TutorialManager.ts as cce:/internal/x/cc.
11:59:46.517 debug: Resolve cc from file:///Users/user/workspace/MoleStrike/assets/scripts/ui/TutorialManager.ts as cce:/internal/x/cc.
11:59:46.517 debug: Resolve ../core/AudioManager from file:///Users/user/workspace/MoleStrike/assets/scripts/ui/TutorialManager.ts as file:///Users/user/workspace/MoleStrike/assets/scripts/core/AudioManager.ts.
11:59:46.517 debug: Resolve ../core/StorageManager from file:///Users/user/workspace/MoleStrike/assets/scripts/ui/TutorialManager.ts as file:///Users/user/workspace/MoleStrike/assets/scripts/core/StorageManager.ts.
11:59:46.517 debug: Resolve cc from file:///Users/user/workspace/MoleStrike/assets/scripts/game/ComboManager.ts as cce:/internal/x/cc.
11:59:46.517 debug: Resolve cc from file:///Users/user/workspace/MoleStrike/assets/scripts/game/ComboManager.ts as cce:/internal/x/cc.
11:59:46.517 debug: Resolve cc from file:///Users/user/workspace/MoleStrike/assets/scripts/game/ComboManager.ts as cce:/internal/x/cc.
11:59:46.517 debug: Resolve cce:/internal/code-quality/cr.mjs from file:///Users/user/workspace/MoleStrike/assets/scripts/game/MoleManager.ts as cce:/internal/code-quality/cr.mjs.
11:59:46.517 debug: Resolve cc from file:///Users/user/workspace/MoleStrike/assets/scripts/game/MoleManager.ts as cce:/internal/x/cc.
11:59:46.517 debug: Resolve cc from file:///Users/user/workspace/MoleStrike/assets/scripts/game/MoleManager.ts as cce:/internal/x/cc.
11:59:46.517 debug: Resolve cc from file:///Users/user/workspace/MoleStrike/assets/scripts/game/MoleManager.ts as cce:/internal/x/cc.
11:59:46.517 debug: Resolve ../core/AudioManager from file:///Users/user/workspace/MoleStrike/assets/scripts/game/MoleManager.ts as file:///Users/user/workspace/MoleStrike/assets/scripts/core/AudioManager.ts.
11:59:46.517 debug: Resolve ../core/ArtResourceManager from file:///Users/user/workspace/MoleStrike/assets/scripts/game/MoleManager.ts as file:///Users/user/workspace/MoleStrike/assets/scripts/core/ArtResourceManager.ts.
11:59:46.517 debug: Resolve ../core/GameTypes from file:///Users/user/workspace/MoleStrike/assets/scripts/game/MoleManager.ts as file:///Users/user/workspace/MoleStrike/assets/scripts/core/GameTypes.ts.
11:59:46.517 debug: Resolve ./Mole from file:///Users/user/workspace/MoleStrike/assets/scripts/game/MoleManager.ts as file:///Users/user/workspace/MoleStrike/assets/scripts/game/Mole.ts.
11:59:46.517 debug: Resolve cce:/internal/code-quality/cr.mjs from file:///Users/user/workspace/MoleStrike/assets/scripts/game/Mole.ts as cce:/internal/code-quality/cr.mjs.
11:59:46.517 debug: Resolve cc from file:///Users/user/workspace/MoleStrike/assets/scripts/game/Mole.ts as cce:/internal/x/cc.
11:59:46.517 debug: Resolve cc from file:///Users/user/workspace/MoleStrike/assets/scripts/game/Mole.ts as cce:/internal/x/cc.
11:59:46.517 debug: Resolve cc from file:///Users/user/workspace/MoleStrike/assets/scripts/game/Mole.ts as cce:/internal/x/cc.
11:59:46.517 debug: Resolve ../core/GameTypes from file:///Users/user/workspace/MoleStrike/assets/scripts/game/Mole.ts as file:///Users/user/workspace/MoleStrike/assets/scripts/core/GameTypes.ts.
11:59:46.517 debug: Resolve cc from file:///Users/user/workspace/MoleStrike/assets/scripts/game/ScoreManager.ts as cce:/internal/x/cc.
11:59:46.517 debug: Resolve cc from file:///Users/user/workspace/MoleStrike/assets/scripts/game/ScoreManager.ts as cce:/internal/x/cc.
11:59:46.517 debug: Resolve cc from file:///Users/user/workspace/MoleStrike/assets/scripts/game/ScoreManager.ts as cce:/internal/x/cc.
11:59:46.517 debug: Resolve cc from file:///Users/user/workspace/MoleStrike/assets/scripts/game/TimerManager.ts as cce:/internal/x/cc.
11:59:46.517 debug: Resolve cc from file:///Users/user/workspace/MoleStrike/assets/scripts/game/TimerManager.ts as cce:/internal/x/cc.
11:59:46.517 debug: Resolve cc from file:///Users/user/workspace/MoleStrike/assets/scripts/game/TimerManager.ts as cce:/internal/x/cc.
11:59:46.517 debug: Resolve cc from file:///Users/user/workspace/MoleStrike/assets/scripts/ui/SafeAreaLayout.ts as cce:/internal/x/cc.
11:59:46.517 debug: Resolve cc from file:///Users/user/workspace/MoleStrike/assets/scripts/ui/SafeAreaLayout.ts as cce:/internal/x/cc.
11:59:46.517 debug: Resolve cc from file:///Users/user/workspace/MoleStrike/assets/scripts/ui/SafeAreaLayout.ts as cce:/internal/x/cc.
11:59:46.520 debug: Target(preview) ends with cost 39.01066700000047ms.
11:59:47.067 debug: Pulling asset-db.
11:59:47.244 debug: Fetch asset-db cost: 176.46437499999956ms.
11:59:47.247 debug: Build iteration starts.
Number of accumulated asset changes: 22
Feature changed: false
11:59:47.247 debug: Target(editor) build started.
11:59:47.248 debug: Detected change: cce:/internal/x/prerequisite-imports. Last mtime: Thu Jan 01 1970 08:00:05 GMT+0800 (中国标准时间), Current mtime: Thu Jan 01 1970 08:00:05 GMT+0800 (中国标准时间)
11:59:47.248 debug: Inspect cce:/internal/x/prerequisite-imports
11:59:47.252 debug: transform url: 'cce:/internal/x/prerequisite-imports' costs: 3.90 ms
11:59:47.252 debug: Resolve file:///Applications/Cocos/Creator/3.8.8/CocosCreator.app/Contents/Resources/resources/3d/engine/editor/assets/default_renderpipeline/builtin-dof-pass.ts from cce:/internal/x/prerequisite-imports as file:///Applications/Cocos/Creator/3.8.8/CocosCreator.app/Contents/Resources/resources/3d/engine/editor/assets/default_renderpipeline/builtin-dof-pass.ts.
11:59:47.253 debug: Resolve file:///Applications/Cocos/Creator/3.8.8/CocosCreator.app/Contents/Resources/resources/3d/engine/editor/assets/default_renderpipeline/builtin-pipeline-pass.ts from cce:/internal/x/prerequisite-imports as file:///Applications/Cocos/Creator/3.8.8/CocosCreator.app/Contents/Resources/resources/3d/engine/editor/assets/default_renderpipeline/builtin-pipeline-pass.ts.
11:59:47.253 debug: Resolve file:///Applications/Cocos/Creator/3.8.8/CocosCreator.app/Contents/Resources/resources/3d/engine/editor/assets/default_renderpipeline/builtin-pipeline-settings.ts from cce:/internal/x/prerequisite-imports as file:///Applications/Cocos/Creator/3.8.8/CocosCreator.app/Contents/Resources/resources/3d/engine/editor/assets/default_renderpipeline/builtin-pipeline-settings.ts.
11:59:47.253 debug: Resolve file:///Applications/Cocos/Creator/3.8.8/CocosCreator.app/Contents/Resources/resources/3d/engine/editor/assets/default_renderpipeline/builtin-pipeline-types.ts from cce:/internal/x/prerequisite-imports as file:///Applications/Cocos/Creator/3.8.8/CocosCreator.app/Contents/Resources/resources/3d/engine/editor/assets/default_renderpipeline/builtin-pipeline-types.ts.
11:59:47.253 debug: Resolve file:///Applications/Cocos/Creator/3.8.8/CocosCreator.app/Contents/Resources/resources/3d/engine/editor/assets/default_renderpipeline/builtin-pipeline.ts from cce:/internal/x/prerequisite-imports as file:///Applications/Cocos/Creator/3.8.8/CocosCreator.app/Contents/Resources/resources/3d/engine/editor/assets/default_renderpipeline/builtin-pipeline.ts.
11:59:47.253 debug: Resolve file:///Applications/Cocos/Creator/3.8.8/CocosCreator.app/Contents/Resources/resources/3d/engine/editor/assets/tools/debug-view-runtime-control.ts from cce:/internal/x/prerequisite-imports as file:///Applications/Cocos/Creator/3.8.8/CocosCreator.app/Contents/Resources/resources/3d/engine/editor/assets/tools/debug-view-runtime-control.ts.
11:59:47.253 debug: Resolve file:///Users/user/workspace/MoleStrike/assets/scripts/core/ArtResourceManager.ts from cce:/internal/x/prerequisite-imports as file:///Users/user/workspace/MoleStrike/assets/scripts/core/ArtResourceManager.ts.
11:59:47.253 debug: Resolve file:///Users/user/workspace/MoleStrike/assets/scripts/core/AudioManager.ts from cce:/internal/x/prerequisite-imports as file:///Users/user/workspace/MoleStrike/assets/scripts/core/AudioManager.ts.
11:59:47.253 debug: Resolve file:///Users/user/workspace/MoleStrike/assets/scripts/core/GameTypes.ts from cce:/internal/x/prerequisite-imports as file:///Users/user/workspace/MoleStrike/assets/scripts/core/GameTypes.ts.
11:59:47.253 debug: Resolve file:///Users/user/workspace/MoleStrike/assets/scripts/core/StorageManager.ts from cce:/internal/x/prerequisite-imports as file:///Users/user/workspace/MoleStrike/assets/scripts/core/StorageManager.ts.
11:59:47.253 debug: Resolve file:///Users/user/workspace/MoleStrike/assets/scripts/game/AutoGameBootstrap.ts from cce:/internal/x/prerequisite-imports as file:///Users/user/workspace/MoleStrike/assets/scripts/game/AutoGameBootstrap.ts.
11:59:47.253 debug: Resolve file:///Users/user/workspace/MoleStrike/assets/scripts/game/ComboManager.ts from cce:/internal/x/prerequisite-imports as file:///Users/user/workspace/MoleStrike/assets/scripts/game/ComboManager.ts.
11:59:47.253 debug: Resolve file:///Users/user/workspace/MoleStrike/assets/scripts/game/DailyChallengeManager.ts from cce:/internal/x/prerequisite-imports as file:///Users/user/workspace/MoleStrike/assets/scripts/game/DailyChallengeManager.ts.
11:59:47.254 debug: Resolve file:///Users/user/workspace/MoleStrike/assets/scripts/game/GameManager.ts from cce:/internal/x/prerequisite-imports as file:///Users/user/workspace/MoleStrike/assets/scripts/game/GameManager.ts.
11:59:47.254 debug: Resolve file:///Users/user/workspace/MoleStrike/assets/scripts/game/Mole.ts from cce:/internal/x/prerequisite-imports as file:///Users/user/workspace/MoleStrike/assets/scripts/game/Mole.ts.
11:59:47.254 debug: Resolve file:///Users/user/workspace/MoleStrike/assets/scripts/game/MoleManager.ts from cce:/internal/x/prerequisite-imports as file:///Users/user/workspace/MoleStrike/assets/scripts/game/MoleManager.ts.
11:59:47.254 debug: Resolve file:///Users/user/workspace/MoleStrike/assets/scripts/game/ScoreManager.ts from cce:/internal/x/prerequisite-imports as file:///Users/user/workspace/MoleStrike/assets/scripts/game/ScoreManager.ts.
11:59:47.254 debug: Resolve file:///Users/user/workspace/MoleStrike/assets/scripts/game/TimerManager.ts from cce:/internal/x/prerequisite-imports as file:///Users/user/workspace/MoleStrike/assets/scripts/game/TimerManager.ts.
11:59:47.254 debug: Resolve file:///Users/user/workspace/MoleStrike/assets/scripts/platform/PlatformAdapter.ts from cce:/internal/x/prerequisite-imports as file:///Users/user/workspace/MoleStrike/assets/scripts/platform/PlatformAdapter.ts.
11:59:47.254 debug: Resolve file:///Users/user/workspace/MoleStrike/assets/scripts/ui/SafeAreaLayout.ts from cce:/internal/x/prerequisite-imports as file:///Users/user/workspace/MoleStrike/assets/scripts/ui/SafeAreaLayout.ts.
11:59:47.254 debug: Resolve file:///Users/user/workspace/MoleStrike/assets/scripts/ui/TutorialManager.ts from cce:/internal/x/prerequisite-imports as file:///Users/user/workspace/MoleStrike/assets/scripts/ui/TutorialManager.ts.
11:59:47.254 debug: Resolve file:///Users/user/workspace/MoleStrike/assets/scripts/ui/UIManager.ts from cce:/internal/x/prerequisite-imports as file:///Users/user/workspace/MoleStrike/assets/scripts/ui/UIManager.ts.
11:59:47.256 debug: Target(editor) ends with cost 8.779207999999926ms.
11:59:47.256 debug: Target(preview) build started.
11:59:47.257 debug: Detected change: cce:/internal/x/prerequisite-imports. Last mtime: Thu Jan 01 1970 08:00:05 GMT+0800 (中国标准时间), Current mtime: Thu Jan 01 1970 08:00:05 GMT+0800 (中国标准时间)
11:59:47.257 debug: Inspect cce:/internal/x/prerequisite-imports
11:59:47.260 debug: transform url: 'cce:/internal/x/prerequisite-imports' costs: 3.30 ms
11:59:47.260 debug: Resolve file:///Applications/Cocos/Creator/3.8.8/CocosCreator.app/Contents/Resources/resources/3d/engine/editor/assets/default_renderpipeline/builtin-dof-pass.ts from cce:/internal/x/prerequisite-imports as file:///Applications/Cocos/Creator/3.8.8/CocosCreator.app/Contents/Resources/resources/3d/engine/editor/assets/default_renderpipeline/builtin-dof-pass.ts.
11:59:47.260 debug: Resolve file:///Applications/Cocos/Creator/3.8.8/CocosCreator.app/Contents/Resources/resources/3d/engine/editor/assets/default_renderpipeline/builtin-pipeline-pass.ts from cce:/internal/x/prerequisite-imports as file:///Applications/Cocos/Creator/3.8.8/CocosCreator.app/Contents/Resources/resources/3d/engine/editor/assets/default_renderpipeline/builtin-pipeline-pass.ts.
11:59:47.260 debug: Resolve file:///Applications/Cocos/Creator/3.8.8/CocosCreator.app/Contents/Resources/resources/3d/engine/editor/assets/default_renderpipeline/builtin-pipeline-settings.ts from cce:/internal/x/prerequisite-imports as file:///Applications/Cocos/Creator/3.8.8/CocosCreator.app/Contents/Resources/resources/3d/engine/editor/assets/default_renderpipeline/builtin-pipeline-settings.ts.
11:59:47.260 debug: Resolve file:///Applications/Cocos/Creator/3.8.8/CocosCreator.app/Contents/Resources/resources/3d/engine/editor/assets/default_renderpipeline/builtin-pipeline-types.ts from cce:/internal/x/prerequisite-imports as file:///Applications/Cocos/Creator/3.8.8/CocosCreator.app/Contents/Resources/resources/3d/engine/editor/assets/default_renderpipeline/builtin-pipeline-types.ts.
11:59:47.260 debug: Resolve file:///Applications/Cocos/Creator/3.8.8/CocosCreator.app/Contents/Resources/resources/3d/engine/editor/assets/default_renderpipeline/builtin-pipeline.ts from cce:/internal/x/prerequisite-imports as file:///Applications/Cocos/Creator/3.8.8/CocosCreator.app/Contents/Resources/resources/3d/engine/editor/assets/default_renderpipeline/builtin-pipeline.ts.
11:59:47.260 debug: Resolve file:///Applications/Cocos/Creator/3.8.8/CocosCreator.app/Contents/Resources/resources/3d/engine/editor/assets/tools/debug-view-runtime-control.ts from cce:/internal/x/prerequisite-imports as file:///Applications/Cocos/Creator/3.8.8/CocosCreator.app/Contents/Resources/resources/3d/engine/editor/assets/tools/debug-view-runtime-control.ts.
11:59:47.260 debug: Resolve file:///Users/user/workspace/MoleStrike/assets/scripts/core/ArtResourceManager.ts from cce:/internal/x/prerequisite-imports as file:///Users/user/workspace/MoleStrike/assets/scripts/core/ArtResourceManager.ts.
11:59:47.260 debug: Resolve file:///Users/user/workspace/MoleStrike/assets/scripts/core/AudioManager.ts from cce:/internal/x/prerequisite-imports as file:///Users/user/workspace/MoleStrike/assets/scripts/core/AudioManager.ts.
11:59:47.260 debug: Resolve file:///Users/user/workspace/MoleStrike/assets/scripts/core/GameTypes.ts from cce:/internal/x/prerequisite-imports as file:///Users/user/workspace/MoleStrike/assets/scripts/core/GameTypes.ts.
11:59:47.260 debug: Resolve file:///Users/user/workspace/MoleStrike/assets/scripts/core/StorageManager.ts from cce:/internal/x/prerequisite-imports as file:///Users/user/workspace/MoleStrike/assets/scripts/core/StorageManager.ts.
11:59:47.260 debug: Resolve file:///Users/user/workspace/MoleStrike/assets/scripts/game/AutoGameBootstrap.ts from cce:/internal/x/prerequisite-imports as file:///Users/user/workspace/MoleStrike/assets/scripts/game/AutoGameBootstrap.ts.
11:59:47.260 debug: Resolve file:///Users/user/workspace/MoleStrike/assets/scripts/game/ComboManager.ts from cce:/internal/x/prerequisite-imports as file:///Users/user/workspace/MoleStrike/assets/scripts/game/ComboManager.ts.
11:59:47.260 debug: Resolve file:///Users/user/workspace/MoleStrike/assets/scripts/game/DailyChallengeManager.ts from cce:/internal/x/prerequisite-imports as file:///Users/user/workspace/MoleStrike/assets/scripts/game/DailyChallengeManager.ts.
11:59:47.260 debug: Resolve file:///Users/user/workspace/MoleStrike/assets/scripts/game/GameManager.ts from cce:/internal/x/prerequisite-imports as file:///Users/user/workspace/MoleStrike/assets/scripts/game/GameManager.ts.
11:59:47.260 debug: Resolve file:///Users/user/workspace/MoleStrike/assets/scripts/game/Mole.ts from cce:/internal/x/prerequisite-imports as file:///Users/user/workspace/MoleStrike/assets/scripts/game/Mole.ts.
11:59:47.261 debug: Resolve file:///Users/user/workspace/MoleStrike/assets/scripts/game/MoleManager.ts from cce:/internal/x/prerequisite-imports as file:///Users/user/workspace/MoleStrike/assets/scripts/game/MoleManager.ts.
11:59:47.261 debug: Resolve file:///Users/user/workspace/MoleStrike/assets/scripts/game/ScoreManager.ts from cce:/internal/x/prerequisite-imports as file:///Users/user/workspace/MoleStrike/assets/scripts/game/ScoreManager.ts.
11:59:47.261 debug: Resolve file:///Users/user/workspace/MoleStrike/assets/scripts/game/TimerManager.ts from cce:/internal/x/prerequisite-imports as file:///Users/user/workspace/MoleStrike/assets/scripts/game/TimerManager.ts.
11:59:47.261 debug: Resolve file:///Users/user/workspace/MoleStrike/assets/scripts/platform/PlatformAdapter.ts from cce:/internal/x/prerequisite-imports as file:///Users/user/workspace/MoleStrike/assets/scripts/platform/PlatformAdapter.ts.
11:59:47.261 debug: Resolve file:///Users/user/workspace/MoleStrike/assets/scripts/ui/SafeAreaLayout.ts from cce:/internal/x/prerequisite-imports as file:///Users/user/workspace/MoleStrike/assets/scripts/ui/SafeAreaLayout.ts.
11:59:47.261 debug: Resolve file:///Users/user/workspace/MoleStrike/assets/scripts/ui/TutorialManager.ts from cce:/internal/x/prerequisite-imports as file:///Users/user/workspace/MoleStrike/assets/scripts/ui/TutorialManager.ts.
11:59:47.261 debug: Resolve file:///Users/user/workspace/MoleStrike/assets/scripts/ui/UIManager.ts from cce:/internal/x/prerequisite-imports as file:///Users/user/workspace/MoleStrike/assets/scripts/ui/UIManager.ts.
11:59:47.264 debug: Target(preview) ends with cost 7.800499999999374ms.
